652
p8579
c530 c429 c275 c0 c435 
p6404
c130 c299 c716 
p1173
c623 c473 c645 c320 c38 c340 c371 c50 c497 c781 
p6630
c423 
p4843
c700 c461 c755 
p2865
c258 c200 c352 
p670
c617 c237 c565 c797 c773 c296 c363 c480 c455 
p3877
c33 c10 c650 
p4187
c754 c756 c492 
p4352
c156 c192 c328 c646 c196 c177 
p1128
c618 c614 c32 c739 c126 c352 c357 c369 
p3631
c190 c54 c201 c528 c697 c557 c127 c380 c427 c168 
p9919
c469 c773 c414 c333 c799 c780 c463 c586 c709 
p3009
c194 c29 c456 c134 c709 c524 c309 
p6720
c722 c763 c516 c783 c213 c33 c407 c42 c172 
p3839
c6 c588 c275 c405 c152 
p6506
c413 c425 c652 c402 c223 c386 c673 c688 c74 
p2487
c197 c163 c395 c47 c526 c100 c324 
p3003
c201 c239 c557 c541 c551 c762 c325 
p6789
c108 c478 c457 c772 c554 c255 
p7632
c789 c141 c506 c614 c205 
p4783
c151 c337 c353 c472 c766 c575 c436 
p6700
c5 c771 c232 c428 c258 
p3675
c607 c115 c477 c53 c85 
p2508
c568 c486 c492 c556 c52 c698 
p1288
c782 c719 c587 c501 c70 c134 c555 c626 c418 
p582
c323 c634 c691 c225 c435 c573 c249 c137 c255 c564 
p9543
c227 c42 c196 c120 c242 c424 c200 
p5447
c583 c192 c410 c300 c277 c9 c414 c621 c794 c625 
p4815
c411 c191 c671 c729 c128 c511 c652 c653 c771 
p5124
c581 c192 c307 c169 c216 
p2235
c196 c14 c519 c18 c151 c595 c449 c486 
p484
c6 c69 c277 c574 c514 c518 c542 c660 c234 c262 
p6030
c143 c643 c264 c411 c553 c621 
p5342
c329 c525 c195 c682 c712 c642 c130 c261 c92 c530 
p8040
c789 c229 c452 c284 c759 c446 
p2657
c409 c598 c15 c551 c470 c770 c467 c108 c188 
p6087
c114 c465 c206 c684 c70 c134 c564 c552 
p5729
c728 c761 c758 c327 c69 c678 c705 c21 
p1002
c703 c775 c137 c205 c632 c445 c410 c580 c675 
p9467
c49 c652 c297 c174 c755 c31 c453 
p315
c74 c218 c751 c660 c65 c628 c601 c426 c642 
p4165
c564 c107 c388 c485 c794 c266 c62 c387 c215 c243 
p6765
c201 c281 c27 c123 c580 c374 
p8123
c54 c20 c124 c663 c149 c792 c670 c154 c414 
p9699
c639 c532 c762 c226 c7 c798 c9 c404 
p7719
c714 c257 c319 c421 c9 c751 
p641
c158 c642 c166 c251 c604 c698 c530 c707 c543 
p2129
c554 c702 c92 c116 c2 c364 c89 c613 c655 
p4422
c642 c392 c296 c131 c402 c29 c21 
p7894
c374 c503 c649 c332 c226 c418 c436 c305 c109 
p1391
c147 c791 c250 c733 c332 c174 
p2467
c96 c356 c163 c200 c430 c498 c359 c772 
p2312
c20 c128 c516 c628 c161 c490 c792 
p7510
c490 c607 c724 c550 c694 
p6304
c701 c718 c419 c766 c90 c339 c64 c707 
p8917
c373 c661 c371 c629 c246 c95 c402 c339 c422 
p9003
c0 c246 c419 c684 c682 c705 c264 
p1811
c679 c654 c610 c411 c361 c750 c503 c76 
p4064
c323 c331 c398 c685 c225 c627 c34 c715 
p9315
c240 c543 c526 c52 c148 c629 c523 c649 
p721
c15 c355 c97 c774 c540 c5 c242 c106 
p2348
c299 c485 c595 c764 c288 
p2779
c235 c399 c667 c514 c569 c584 c472 c572 
p4293
c673 c212 c563 c120 c559 c294 c201 
p1262
c112 c743 c714 c509 c176 c436 c278 
p7047
c752 c483 c607 c332 c772 c620 c349 c367 
p8092
c668 c204 c624 c718 c441 c520 c491 
p3500
c187 c709 c13 c245 c472 c301 c554 c36 
p710
c433 c122 c535 c656 c162 c414 c271 
p3330
c488 c123 c188 c541 c219 c503 c230 c707 c745 c613 
p4416
c50 c573 c100 c338 c565 c82 c57 c706 
p7749
c539 c602 c126 c336 c84 c137 
p1926
c224 c364 c121 c477 c495 
p3757
c242 c0 c472 c744 c598 c420 c448 c557 c638 c197 
p7948
c64 c257 c94 c297 c778 c629 c92 c117 c186 c760 
p2846
c245 c114 c364 c267 c311 c439 c110 c191 c144 c13 
p2406
c175 c775 c679 c657 c693 c130 c135 c48 c140 c788 
p6109
c287 c102 c358 c467 c595 c520 c83 c652 
p9644
c270 c381 c664 c433 c755 c376 c673 c129 
p8763
c175 c551 c532 c274 c370 c144 
p1485
c371 c32 c143 c588 c172 c325 c255 c87 c777 c573 
p6011
c614 c44 c354 c51 c726 c408 c546 c492 c518 c710 
p5143
c443 c55 c110 c231 c64 c17 c752 c472 c141 
p1302
c101 c607 c401 c26 c701 c220 c218 c781 c403 c217 
p9691
c121 c6 c675 c626 c713 c364 c750 c746 
p9155
c410 c162 c415 c655 c154 c253 c770 c14 c684 
p5906
c697 c6 c195 c403 c396 c537 c20 
p7764
c537 c393 c277 c638 c544 c51 c17 
p2034
c492 c108 c542 c41 c728 c48 c775 c619 c20 
p771
c60 c556 c294 c766 c749 c351 c415 c30 c98 
p2805
c377 c13 c380 c613 c150 c335 c384 c521 c313 
p4522
c779 c416 c365 c654 c526 c316 c339 c23 c84 c250 
p3764
c93 c433 c104 c521 c466 
p1784
c215 c566 c402 c223 c162 c16 c568 c217 c700 c301 
p2427
c259 c114 c451 c425 c349 c356 
p7663
c262 c795 c640 c727 
p6516
c487 c484 c347 c793 c206 c453 c638 c418 c296 c249 
p83
c667 c502 c174 c555 c793 c38 c678 c239 
p3473
c218 c460 c609 c29 c535 c435 c183 c34 
p8848
c97 c219 c410 c740 c624 c491 c352 c96 c516 
p6631
c257 c730 c475 c41 c491 c338 c755 
p3678
c386 c44 c392 c429 c285 c568 c19 c66 c287 c445 
p4098
c202 c555 c436 c97 c307 c479 c114 c32 c156 c462 
p5251
c406 c499 c92 c214 c83 c429 
p7517
c448 c268 c183 c567 c139 c56 c129 c474 c392 c350 
p937
c393 c293 c730 c507 c632 c351 c235 c264 
p5360
c467 c629 c160 c738 c729 c662 c306 c545 
p5916
c195 c125 c124 c438 c754 c29 
p1555
c304 c375 c456 c314 c349 c66 c285 
p7355
c504 c533 c375 c664 
p8428
c240 c415 c771 c434 c778 c407 c776 c74 c61 c250 
p6991
c705 c81 c323 c325 c409 c509 c339 
p72
c720 c357 c36 c383 c196 c378 c23 c686 c601 
p7574
c790 c55 c158 c211 c227 c122 
p3663
c347 c106 c6 c332 c181 c47 
p437
c758 c120 c71 c437 c479 c263 c473 c569 c635 
p7039
c755 c499 c371 c172 c762 c732 c532 c309 
p1883
c733 c720 c85 c658 c275 c794 c332 c355 c483 c565 
p3467
c237 c143 c79 c653 c286 c109 c267 
p7472
c681 c233 c144 c672 c485 c647 c111 c694 c786 c435 
p1966
c398 c373 c366 c372 c533 c647 c336 c790 
p5911
c99 c676 c175 c16 c236 c443 c700 c602 
p2680
c122 c308 c568 c129 c613 c90 c334 c784 c482 c506 
p5810
c280 c501 c220 c583 c674 c210 c234 c358 c725 c508 
p4302
c57 c315 c797 c640 c586 c579 c105 c306 c482 c150 
p8973
c321 c393 c165 c287 c357 c601 c666 c541 c58 
p4470
c294 c73 c179 c631 c102 c476 c35 c217 c520 
p2533
c454 c564 c237 c706 c337 c555 c423 c23 c94 
p7955
c699 c773 c425 c157 c316 c507 c567 c500 c724 
p3630
c408 c522 c322 c537 c625 c455 c254 c106 c275 c682 
p5967
c520 c607 c125 c438 c434 c190 c259 c727 c242 
p9815
c630 c649 c125 c574 c123 c595 c666 
p7739
c131 c697 c489 c444 c325 c688 c463 c639 c194 c218 
p6411
c183 c113 c74 c742 c767 c148 c551 c261 c366 c236 
p5919
c772 c513 c666 c402 c423 c674 c722 c159 c392 
p7434
c671 c197 c533 c255 c596 c337 c268 c73 c326 
p8678
c352 c610 c684 c225 c164 c224 c344 c340 c402 c639 
p4848
c386 c667 c797 c141 c656 c764 c316 c619 
p6673
c682 c7 c550 c658 c703 c255 c797 c627 
p9395
c213 c185 c123 c531 c661 c580 c9 c279 c535 
p5988
c560 c78 c792 c302 c694 c699 c729 c69 c462 c351 
p4055
c610 c213 c315 c303 c656 c421 c350 c619 c569 c149 
p3711
c519 c98 c751 c120 c681 c680 c634 c503 c337 c532 
p3782
c598 c783 c107 c164 c486 c797 c20 c700 
p7998
c386 c23 c232 c0 c344 c463 c430 c6 c51 c471 
p2491
c189 c194 c311 c556 c451 c168 c653 c521 c657 c80 
p8057
c33 c51 c688 c441 c730 c610 c606 
p3766
c275 c184 c592 c755 c56 c229 c685 c84 
p5752
c386 c545 c420 c182 c16 c202 
p9915
c601 c481 c429 c441 c654 c29 c788 c219 c544 c765 
p5774
c368 c369 c541 c383 c656 c754 c669 c13 c757 c593 
p3739
c274 c785 c514 c51 c87 c659 c265 c684 c214 c3 
p7435
c636 c704 c10 c308 c269 c499 c93 c772 
p8968
c31 c225 c302 c682 c597 c370 c127 c420 
p1360
c45 c468 c36 c180 c272 c151 c739 c165 
p2212
c196 c362 c766 c422 c646 c598 c114 c127 c90 c199 
p7901
c12 c293 c366 c380 c742 c17 c443 c405 c603 c769 
p920
c143 c472 c106 c110 c309 c588 
p5991
c348 c2 c726 c521 c737 c434 c671 c780 c562 c799 
p3139
c443 c213 c225 c781 c451 c693 c89 c516 c212 c541 
p8021
c310 c537 c160 c118 c487 c443 
p389
c478 c59 c168 c145 c141 c244 c771 c488 c381 c148 
p8632
c311 c288 c499 c224 c534 c229 c6 c472 c415 
p5648
c18 c496 c130 c241 c398 c720 c641 
p7712
c767 c372 c260 c23 c552 c226 c751 
p4765
c666 c179 c311 c687 c571 c747 c43 
p3258
c733 c448 c690 c797 c519 c556 c492 c650 c265 
p2447
c243 c583 c54 c485 c391 c754 c668 
p1378
c20 c415 c435 c178 c38 c462 c192 c246 c343 c230 
p3925
c278 c126 c210 c351 c732 c456 c722 c407 c716 c673 
p8560
c696 c456 c799 c545 c234 c455 c530 c566 c660 c741 
p5475
c553 c334 c412 c420 c23 c159 c743 
p3199
c223 c32 c738 c394 c83 c18 c238 c322 c47 c622 
p6192
c188 c111 c629 c79 c547 c24 c680 c752 
p9959
c786 c252 c594 c521 c616 c385 c477 c714 c41 
p2442
c333 c507 c366 c496 c773 c787 c313 c790 c533 c619 
p8961
c389 c566 c346 c316 c174 c291 c704 c345 c554 c229 
p7552
c351 c539 c706 c529 c622 c112 c443 c386 c418 
p7352
c636 c548 c679 c144 c575 c392 c408 c395 c401 
p507
c776 c262 c736 c738 c222 c615 c494 c744 c737 
p294
c455 c303 c9 c38 c162 c566 c120 
p6847
c146 c362 c127 c641 c237 c780 c91 c110 c574 c644 
p1920
c760 c720 c543 c566 c644 c294 c299 c743 c18 
p7687
c218 c561 c151 c78 c319 c193 c488 c237 c538 c298 
p3072
c432 c506 c373 c178 c203 c532 c247 c307 c605 c323 
p5732
c669 c617 c380 c395 c706 c200 c685 c113 c635 
p7783
c624 c738 c790 c553 c403 c570 c483 c772 
p4018
c681 c676 c35 c155 c683 c410 c134 c745 c57 
p1845
c405 c723 c739 c253 c377 
p2192
c772 c562 c638 c333 c633 c671 c100 
p1014
c585 c667 c372 c674 c759 c36 c537 c715 c0 
p9432
c276 c757 c199 c608 c284 c127 c487 c427 c708 c31 
p1528
c283 c113 c42 c7 c209 c223 c308 c570 c544 c22 
p9720
c563 c777 c168 c539 c723 c19 
p3089
c644 c438 c119 c210 c636 c736 c521 c367 c409 c278 
p5807
c244 c514 c175 c589 c435 c29 c772 c208 c296 
p7368
c292 c7 c110 c157 c193 c212 c610 c395 
p7550
c347 c51 c215 c308 c246 c481 c243 c325 c579 
p2412
c210 c771 c486 c355 c590 c511 c151 c10 c166 
p728
c161 c687 c579 c593 c558 c384 c417 c518 c109 
p6078
c85 c83 c785 c317 c156 c15 c462 c603 c149 c12 
p3575
c317 c192 c561 c337 c482 c658 c69 c459 c707 c392 
p6149
c422 c684 c732 c776 c350 c92 c772 c797 c63 c785 
p8650
c96 c540 c222 c576 c334 c69 c510 c543 c77 
p2890
c671 c344 c67 c455 c379 c698 c169 
p584
c650 c357 c789 c552 c635 c706 c138 c417 c553 
p8337
c238 c637 c529 c367 c256 c168 c65 c24 
p2664
c522 c327 c703 c465 c264 c161 c242 c227 c529 c20 
p82
c62 c517 c200 c314 c515 c451 
p4662
c772 c352 c348 c227 c202 c409 c627 
p46
c383 c543 c778 c164 c569 c60 c158 c486 c623 
p2328
c612 c505 c79 c746 c59 c144 c305 c481 c747 c85 
p4567
c791 c708 c291 c232 c780 c308 c314 c723 c236 c498 
p4893
c727 c537 c485 c199 c138 c242 c285 c680 c227 c280 
p850
c521 c448 c296 c556 c710 c400 c567 c502 c68 c178 
p4443
c431 c761 c20 c463 c15 c641 c711 c239 c325 c204 
p6529
c608 c553 c470 c52 c103 c535 c10 c88 
p5094
c141 c698 c639 c302 c349 c30 c34 c81 c246 
p5500
c602 c783 c52 c698 c617 c120 
p4721
c171 c566 c561 c295 c32 c759 c769 c760 
p4579
c273 c11 c751 c259 c670 c0 
p2433
c575 c57 c540 c785 c706 
p6815
c32 c331 c235 c43 c749 c225 c81 c417 
p7418
c515 c291 c489 c664 c491 c43 c433 c193 
p4045
c483 c300 c47 c109 
p4870
c18 c525 c795 c474 c177 c445 c126 c713 c794 c483 
p1314
c1 c586 c52 c17 c162 c49 
p2759
c373 c147 c142 c708 c523 c559 c769 c148 
p6308
c183 c669 c709 c627 c685 c164 c176 
p7346
c697 c676 c394 c613 c611 
p4771
c192 c281 c626 c766 c233 c402 c438 c723 c165 c469 
p2720
c227 c690 c368 c623 c264 c608 
p396
c605 c326 c555 c578 c637 c696 c413 c717 c212 c787 
p4486
c302 c528 c735 c515 c401 c764 c348 c371 c569 
p5021
c31 c17 c403 c228 c577 c688 c743 
p6711
c189 c386 c751 c464 c478 c300 c727 c142 
p2613
c780 c343 c376 c759 c385 c291 c282 c23 
p781
c278 c528 c626 c131 c610 c123 c13 c64 c584 c488 
p6642
c772 c741 c687 c546 c639 c192 c73 c257 
p241
c661 c577 c107 c402 c274 c682 c79 c761 c174 
p1046
c427 c184 c749 c515 c564 c693 c435 c507 c351 
p2600
c519 c497 c472 c449 c716 c746 c549 c52 c239 
p6319
c242 c40 c470 c8 c44 c462 c411 c26 c788 
p347
c740 c408 c509 c20 c300 c571 c225 c446 c651 c231 
p3762
c545 c177 c610 c627 c611 c411 c728 c428 c116 c16 
p6556
c547 c718 c317 c629 c24 c649 c766 c636 
p7511
c342 c337 c526 c261 c725 c35 c665 c497 c104 c169 
p746
c703 c788 c351 c135 c680 c25 c304 c739 
p8303
c79 c149 c207 c342 c60 c299 c487 c206 c780 
p160
c116 c253 c300 c613 c23 c6 c593 
p5611
c412 c239 c662 c87 c277 c270 c121 
p640
c740 c768 c531 c205 c455 c732 c385 c603 
p5394
c704 c421 c247 c65 c203 c139 
p965
c441 c366 c445 c293 c128 c90 c294 c307 c477 c355 
p4232
c355 c127 c742 c53 c526 c196 c162 c646 
p407
c756 c717 c309 c285 c422 c310 c551 c425 c511 
p711
c244 c164 c728 c5 c693 c740 c604 c298 
p7606
c34 c562 c569 c485 c444 c147 c185 c435 c151 c428 
p6113
c576 c700 c466 c405 c586 c566 c716 
p1950
c403 c416 c260 c228 c0 c741 c695 c31 c665 c287 
p3038
c428 c323 c40 c115 c704 c750 c358 c430 c176 c359 
p9759
c748 c648 c525 c283 c22 c261 c697 
p42
c282 c437 c212 c193 c417 c96 
p2977
c72 c631 c645 c482 c30 c299 c754 
p1392
c755 c138 c134 c467 c355 
p4912
c280 c312 c399 c275 c787 c206 c793 
p6914
c439 c721 c94 c657 c709 c472 c358 
p5347
c756 c441 c562 c592 c391 c477 c695 c384 c781 
p7271
c330 c42 c670 c772 c613 c146 c655 
p4450
c44 c302 c410 c244 c377 c332 c105 c692 c506 c13 
p994
c1 c727 c227 c165 c642 c339 c525 c783 c363 
p8105
c781 c450 c593 c637 c326 c45 c787 c411 c441 c426 
p6206
c152 c740 c55 c180 c33 c258 c790 
p7322
c485 c403 c501 c693 c408 c742 c564 c688 c308 
p6432
c338 c283 c486 c449 c595 c118 c587 c356 c55 c85 
p5445
c711 c100 c402 c151 c534 c252 c336 c741 c400 
p8750
c419 c370 c549 c633 c134 c742 c202 c136 
p3133
c241 c696 c683 c762 c638 c379 c163 c328 
p9132
c642 c334 c594 c284 c36 c202 c708 c584 
p2010
c489 c30 c143 c387 c62 c474 c346 c652 c64 
p2093
c179 c60 c601 c755 c62 c548 
p307
c639 c256 c15 c463 c140 c556 c117 
p1491
c427 c36 c71 c174 c183 c470 c51 c774 c527 c482 
p6407
c684 c372 c230 c770 c406 c122 c740 
p5800
c525 c19 c779 c775 c780 c365 c490 c621 
p2208
c644 c93 c740 c12 c42 c546 c101 c635 c151 
p8597
c129 c660 c668 c229 c796 c586 c310 c561 c28 c650 
p4524
c754 c220 c504 c670 c526 c276 c521 
p171
c84 c613 c562 c347 c389 c488 c470 c246 
p3849
c752 c42 c769 c602 c141 c618 
p9584
c357 c489 c655 c192 c86 c178 c787 c542 
p1263
c467 c627 c424 c595 c235 c240 c393 
p4501
c423 c336 c426 c311 c536 c778 c40 
p5705
c125 c185 c71 c264 c679 c564 c529 c585 c287 
p4138
c751 c48 c300 c363 c180 c488 c630 c408 c16 c588 
p1820
c369 c408 c761 c351 c766 c292 c495 c519 
p4174
c211 c629 c32 c511 c133 c734 c253 c613 c646 c376 
p6843
c473 c303 c211 c120 c715 c291 c591 c633 c572 
p6441
c561 c138 c482 c60 c538 c113 c39 c119 c123 c327 
p3424
c278 c332 c619 c300 c517 c777 c97 c395 
p8167
c544 c79 c54 c710 c64 c15 c747 c494 
p4108
c343 c686 c212 c519 c181 c700 c318 
p5942
c113 c379 c189 c255 c388 c521 c221 c602 c678 
p919
c398 c772 c353 c385 c245 c179 c503 c774 c393 
p3802
c475 c781 c449 c21 c91 c648 c672 c212 
p1162
c666 c29 c515 c611 c650 c386 c297 c361 c706 c249 
p8534
c383 c132 c412 c470 c255 
p6265
c145 c673 c574 c354 c419 c453 c28 c454 
p6621
c253 c46 c328 c481 c240 c84 c205 c119 c497 
p6481
c685 c352 c495 c415 c230 c493 c753 c227 c788 
p1981
c163 c106 c554 c608 c146 c514 c30 c69 c333 
p129
c588 c657 c652 c16 c571 
p9468
c254 c82 c238 c757 c579 c113 c432 c22 c303 c479 
p6338
c381 c346 c592 c434 c694 c566 c502 c342 
p4452
c162 c280 c517 c284 c537 c474 
p5714
c323 c712 c195 c786 c611 c574 c0 c727 c66 c507 
p429
c167 c43 c254 c265 c17 c111 c342 c491 c422 c177 
p1199
c48 c494 c615 c178 c458 c725 c143 c635 
p2879
c26 c512 c312 c786 c741 c781 c3 c416 c88 c170 
p5245
c389 c344 c9 c38 c245 c132 c424 c541 
p9900
c166 c185 c414 c183 c344 c786 c60 
p6045
c634 c137 c123 c364 c76 c400 c668 
p8636
c401 c582 c20 c312 c446 c292 c225 
p216
c309 c428 c366 c432 c411 c471 c673 c440 c196 c496 
p1087
c767 c563 c76 c59 c299 c74 c69 
p3625
c197 c755 c404 c172 c668 c508 c595 c483 c795 c731 
p957
c342 c352 c672 c82 c434 c353 c120 c525 c135 c138 
p9190
c293 c492 c533 c637 c653 c528 
p1646
c546 c760 c511 c503 c307 c120 c155 c154 c532 
p4570
c607 c467 c213 c454 c476 c112 c740 c258 c452 
p2994
c14 c279 c142 c134 c501 c126 c538 c626 c297 c401 
p333
c459 c634 c223 c527 c534 c78 c586 c505 c326 
p2747
c268 c578 c0 c462 c641 c165 c481 c227 
p5999
c126 c141 c476 c214 c733 c641 c120 c753 c638 
p6638
c728 c605 c370 c580 c519 c586 c799 c131 c398 c487 
p1982
c708 c499 c385 c780 c504 c592 c271 c366 c528 c640 
p8301
c79 c460 c691 c704 c695 c356 c340 c256 c785 
p9460
c301 c43 c200 c255 c8 c318 c531 
p2465
c769 c48 c22 c324 c50 c303 c663 c520 c158 c610 
p420
c357 c763 c694 c698 c389 c674 c286 c693 c93 
p3441
c357 c593 c63 c527 c485 c31 c240 c292 
p7609
c253 c761 c719 c605 c742 c560 c218 
p7268
c645 c120 c147 c797 c386 c198 c401 c113 c424 c36 
p6275
c37 c251 c16 c59 c575 c62 c763 c90 c179 c83 
p1212
c67 c558 c508 c775 c149 c744 c795 
p4166
c343 c525 c273 c424 c425 c212 c3 c301 c514 
p5188
c756 c512 c650 c761 c372 c592 c213 c543 c30 
p3153
c41 c641 c508 c176 c620 c115 c541 c204 c634 
p3988
c85 c333 c319 c353 c227 c593 c228 c694 c431 c342 
p3280
c563 c425 c502 c398 c730 c229 c149 
p74
c55 c618 c778 c705 c173 c150 c48 c505 c206 c493 
p374
c733 c715 c414 c551 c192 c268 c289 
p3207
c259 c724 c307 c13 c462 c597 c100 c282 c639 
p4034
c370 c87 c268 c215 c602 c71 c799 c194 
p4093
c190 c94 c536 c331 c572 c484 c753 c641 c282 
p8087
c783 c430 c777 c767 c658 c533 c680 c101 c90 
p7968
c591 c208 c203 c146 c766 c138 c775 c716 c699 
p524
c682 c650 c562 c388 c26 c767 c687 c185 c374 c347 
p1777
c737 c235 c418 c171 c61 c649 c482 c223 c74 c201 
p944
c232 c218 c111 c575 c435 c361 c144 c562 c528 c191 
p9707
c378 c195 c444 c471 c312 c711 c43 c305 c533 c604 
p8897
c460 c792 c550 c650 c635 c518 c55 c718 c571 
p9967
c509 c195 c301 c538 c527 c328 c640 c784 
p6264
c267 c414 c685 c270 c665 c773 c350 c490 c775 c35 
p1175
c567 c416 c244 c512 c84 c524 c595 c97 
p9017
c25 c261 c750 c22 c468 
p6074
c426 c515 c670 c236 c221 c563 c442 c518 c91 
p7662
c672 c696 c425 c63 c776 c686 c462 c253 c553 
p1402
c148 c533 c516 c525 c32 c114 c491 
p4280
c627 c492 c511 c584 c76 c353 c43 c643 
p2991
c682 c439 c561 c22 c574 c521 c581 
p1251
c566 c13 c560 c60 c581 c425 
p3176
c209 c403 c190 c422 c216 c378 c647 c38 c294 
p7520
c183 c686 c177 c46 c298 c734 c270 c13 
p5351
c273 c17 c399 c375 c509 c636 c514 c604 
p2477
c666 c464 c31 c171 c141 c633 c118 c731 
p1529
c484 c311 c275 c129 c189 c799 c13 c614 c183 c347 
p1643
c424 c568 c645 c126 c453 c329 c784 c34 
p9050
c500 c577 c275 c541 c739 c278 c55 c189 c583 c609 
p1621
c42 c688 c40 c174 c693 c115 
p4359
c682 c373 c138 c482 c198 c271 c433 
p6562
c468 c747 c640 c393 c751 c247 
p7388
c478 c194 c90 c271 c644 c568 c229 c182 c402 
p8545
c69 c696 c29 c676 c320 c616 c434 
p8143
c626 c386 c306 c586 c584 c736 c405 c661 c569 
p4063
c503 c256 c505 c215 c490 c577 c786 c523 c250 
p9724
c564 c685 c425 c414 c76 c130 c569 c544 c592 c453 
p2370
c301 c154 c449 c677 c781 c45 c799 c151 c470 c682 
p4810
c48 c164 c615 c341 c268 c250 c413 c344 c566 c755 
p8784
c488 c400 c457 c328 c508 c227 c17 c259 c632 c340 
p6378
c110 c795 c737 c329 c357 c587 c91 
p6885
c25 c32 c250 c72 c762 c116 c266 c725 c106 
p506
c458 c200 c309 c671 c707 c391 c477 c139 c561 
p4530
c184 c351 c41 c254 c338 c578 c582 c316 c530 c141 
p9090
c441 c661 c115 c779 c165 c30 c155 c208 c178 c139 
p4211
c112 c675 c310 c264 c254 c298 c42 c755 c470 
p4701
c538 c602 c503 c303 c270 c653 c407 
p5596
c523 c313 c588 c676 c32 c797 c589 c656 c791 c81 
p3144
c166 c159 c472 c491 c699 c558 c786 
p9433
c724 c88 c788 c533 c31 c606 c345 
p7821
c445 c262 c68 c341 c209 c370 c349 
p8842
c143 c546 c392 c630 c635 c142 c294 
p156
c96 c692 c174 c128 c504 c69 
p950
c449 c336 c61 c88 c39 c182 c71 c1 c4 
p5487
c522 c730 c286 c229 c466 c595 c754 c14 c356 
p5938
c473 c24 c13 c383 c69 c613 c161 c729 
p2469
c386 c644 c187 c620 c422 c295 c593 
p2482
c483 c408 c541 c398 c765 c606 c499 c502 c337 
p5813
c737 c241 c667 c195 c137 c145 c656 
p416
c615 c366 c192 c304 c763 c577 c589 c423 c714 
p1499
c202 c720 c448 c414 c167 c723 c273 c450 
p6882
c231 c74 c416 c724 c240 c273 c213 c628 
p2734
c746 c230 c232 c247 c460 c156 c513 c185 c672 c286 
p7430
c401 c6 c538 c566 c61 c64 c151 c264 c286 
p7316
c144 c537 c478 c745 c273 c785 c70 c28 c590 
p2623
c232 c689 c40 c712 
p3331
c774 c240 c646 c670 c128 c622 c199 
p4811
c196 c183 c139 c53 c245 c32 c581 c268 c11 c604 
p5582
c740 c21 c268 c196 c82 c635 c104 c542 
p5243
c727 c166 c386 c205 c508 c142 c596 c304 c418 c201 
p9835
c60 c796 c322 c471 c736 c251 c514 c250 c461 c732 
p2404
c217 c355 c551 c438 c413 c214 c589 
p7449
c155 c516 c580 c251 c39 
p1398
c291 c435 c677 c588 
p3119
c192 c682 c497 c332 c708 c297 c382 c530 c155 c763 
p7813
c466 c115 c334 c490 c649 c201 c79 c385 c255 c632 
p3246
c498 c80 c420 c285 c786 c657 c241 
p7757
c268 c116 c214 c333 c82 c162 c728 c568 c389 c685 
p4957
c777 c240 c98 c646 c19 c291 c715 c270 c585 
p2020
c453 c118 c489 c582 c217 c707 c429 c649 c149 
p1329
c653 c274 c70 c442 c668 c563 c380 c738 c440 
p5479
c485 c749 c56 c765 c46 c309 c726 c361 c462 c30 
p63
c435 c273 c742 c0 c93 c15 c12 c497 
p3237
c552 c361 c300 c315 c209 c120 c419 c90 c351 
p1942
c146 c492 c456 c590 c606 c539 c109 c446 c127 c756 
p6590
c341 c131 c486 c702 c243 
p766
c185 c598 c684 c715 c779 c503 c458 c778 
p6758
c497 c334 c20 c16 c464 c353 c561 c505 
p8149
c405 c295 c398 c555 c100 c512 c674 c93 c69 c704 
p9786
c765 c424 c408 c283 c419 c573 c247 c774 c420 c324 
p2668
c172 c428 c31 c484 c333 c186 c542 c271 c375 c38 
p4511
c264 c309 c735 c129 c767 c445 
p9998
c307 c299 c268 c689 c479 c240 c611 c797 c443 c521 
p3149
c179 c469 c506 c750 c422 c10 c534 c23 c118 c777 
p5572
c262 c693 c692 c736 c35 c145 c729 c724 c681 
p4040
c717 c324 c274 c480 c121 c534 c16 c135 c706 c382 
p1338
c416 c647 c98 c786 c200 c522 c171 c729 c602 c417 
p8586
c279 c370 c789 c352 c251 c500 c61 c199 
p6884
c227 c698 c573 c645 c555 c435 c385 c165 c671 
p9995
c562 c16 c604 c236 c172 c180 
p2352
c367 c243 c411 c558 c761 c686 c718 
p6730
c549 c460 c312 c789 c577 c665 c620 c758 
p6511
c600 c612 c450 c541 c628 c260 c509 c13 c488 c239 
p9935
c598 c759 c745 c7 c431 c14 c107 c396 
p6568
c487 c215 c241 c771 c170 c221 c705 c732 c27 c620 
p6543
c147 c690 c62 c214 c251 c515 c759 c774 c96 c369 
p8120
c567 c602 c784 c123 c526 c226 c380 c119 c366 
p94
c273 c15 c646 c11 c33 c369 c783 c385 c673 
p3408
c530 c557 c247 c669 c638 c60 c7 c549 
p971
c732 c311 c14 c83 c790 c651 c504 
p831
c509 c770 c158 c237 c496 c624 
p8334
c168 c264 c229 c489 c784 c134 c269 c216 c456 
p1997
c748 c35 c612 c660 c219 c518 c193 c684 c188 
p9053
c33 c558 c6 c556 c218 c675 c141 c563 
p1104
c496 c724 c679 c750 c495 c111 c115 c101 c217 c390 
p5737
c742 c392 c115 c644 c365 c448 c615 c314 c376 c362 
p819
c641 c408 c121 c78 c404 c656 c495 c26 c85 c718 
p928
c381 c749 c205 c729 c525 c688 c718 c304 c16 
p5567
c682 c304 c216 c496 c749 c349 c262 
p3935
c112 c20 c534 c373 c238 c655 c309 c639 c606 
p9455
c341 c546 c676 c600 c424 c412 c126 c516 
p8243
c177 c573 c99 c784 c751 c400 c574 
p5742
c83 c316 c111 c688 c520 c787 c181 
p2175
c164 c682 c591 c231 c62 c139 c96 c116 c652 
p7212
c674 c20 c365 c180 c653 c380 c346 c217 c258 c489 
p7203
c624 c544 c764 c540 c433 c197 c168 c525 c658 
p3591
c577 c278 c724 c683 c126 c353 c156 c654 
p8847
c80 c484 c287 c601 c696 c458 c145 c719 
p3968
c682 c286 c339 c626 c523 c781 c94 c458 c209 c799 
p1148
c706 c459 c247 c226 c593 c127 c38 
p7544
c208 c451 c593 c146 c174 c764 c289 c132 c457 
p8761
c57 c463 c771 c488 c62 c725 c8 c692 c71 
p2642
c65 c485 c314 c755 c335 c138 c125 
p1524
c424 c34 c214 c484 c235 c332 c544 c63 c282 c278 
p4526
c365 c115 c409 c108 c245 c376 c35 c188 c726 
p8319
c265 c551 c394 c347 c142 c433 c72 c115 c447 
p4201
c650 c334 c508 c262 c553 c459 c79 c124 c403 c330 
p5489
c143 c508 c366 c517 c302 c70 c678 c85 c365 c368 
p986
c708 c79 c319 c601 c143 c621 c75 c96 c213 c485 
p3658
c314 c295 c399 c769 c616 c383 c297 
p556
c648 c264 c295 c247 c528 c176 c323 c604 
p2099
c388 c390 c257 c719 c580 c214 c217 c21 c99 c324 
p7963
c23 c447 c117 c229 c10 c745 c656 c281 c731 c135 
p6163
c422 c394 c83 c231 c123 c272 c100 c311 
p948
c98 c388 c542 c671 c246 c240 c507 
p6894
c630 c443 c208 c420 c423 c606 c0 c494 c728 
p4209
c264 c712 c731 c279 c182 c199 c502 c38 c159 c141 
p8203
c286 c710 c795 c17 c431 c508 c566 c554 c618 
p3410
c417 c451 c742 c520 c456 c782 c140 c725 c38 
p2527
c29 c480 c299 c296 c41 c264 c467 c506 c485 c631 
p3340
c89 c9 c796 c524 c643 c33 c180 c292 
p2096
c490 c306 c194 c305 c298 c210 c266 c94 c512 
p7486
c289 c696 c179 c706 c91 c40 c434 
p1328
c318 c56 c370 c316 c567 c782 
p1117
c347 c117 c642 c95 c580 c491 c378 c603 
p6961
c672 c82 c775 c13 c719 c468 c535 c768 
p8236
c733 c134 c232 c20 c393 c63 c388 
p259
c528 c424 c247 c328 c116 c654 c308 c586 c217 
p8035
c284 c247 c222 c35 c1 c120 c258 
p7707
c534 c439 c600 c364 c373 c140 c682 
p7959
c476 c256 c388 c789 c507 c148 c749 c243 
p572
c91 c35 c355 c132 c99 
p198
c430 c765 c778 c611 c632 c84 c695 c348 c6 
p8230
c572 c179 c782 c304 c494 c107 c184 
p1660
c130 c696 c330 c591 c98 c266 c344 c557 c240 c776 
p1080
c446 c129 c729 c467 c10 c368 c252 c160 
p7996
c695 c124 c448 c680 c601 c426 c692 
p5889
c570 c233 c742 c738 c725 c596 c507 c665 c492 
p4969
c46 c782 c621 c225 c17 c193 c647 c792 c595 c234 
p858
c164 c531 c4 c110 c591 c436 c793 c10 c247 
p2275
c518 c226 c467 c140 c773 c55 c522 
p6217
c36 c323 c791 c668 c612 c654 c565 c575 c105 c28 
p1879
c29 c244 c240 c633 c131 c587 c61 c743 c51 c748 
p816
c545 c298 c524 c130 c476 c218 c80 
p4457
c448 c522 c248 c26 c666 c548 c453 c503 
p6526
c745 c448 c553 c548 c197 c568 
p5533
c389 c295 c644 c378 c734 c103 c120 c692 c0 c66 
p3131
c272 c102 c649 c416 c694 c480 c293 c250 
p3521
c386 c280 c40 c722 c611 c20 c686 c555 
p1161
c586 c283 c369 c0 c81 c532 c753 c217 c240 c668 
p6699
c397 c686 c559 c86 c377 c283 c792 c115 
p2620
c29 c490 c92 c695 c261 c593 c717 c397 c761 c742 
p9969
c291 c435 c231 c269 c743 c533 c421 c334 
p7578
c156 c572 c353 c547 c719 c307 c304 c597 c720 c563 
p9861
c316 c400 c458 c695 c17 c150 c746 c779 c376 c502 
p7677
c751 c5 c618 c264 c703 c160 c392 
p213
c83 c219 c718 c417 c120 c222 c343 
p9181
c600 c30 c298 c445 c616 c322 c336 c142 c546 c98 
p6563
c679 c387 c9 c588 c384 c323 
p8229
c714 c471 c41 c189 c322 c744 c495 c185 c73 
p8170
c198 c799 c532 c94 c514 c599 c679 c387 c253 
p3304
c412 c584 c325 c450 c516 c311 c139 c331 c457 c193 
p7786
c489 c703 c115 c580 c589 c744 c529 c592 c32 c770 
p5377
c165 c551 c590 c293 c337 
p2242
c725 c190 c460 c675 c261 c653 c553 
p3945
c505 c704 c56 c320 c533 c688 c142 
p6755
c721 c602 c289 c440 c563 c68 c771 c393 c292 c720 
p5706
c732 c564 c254 c474 c592 c560 c532 
p9172
c605 c290 c655 c746 c339 c88 
p9963
c220 c318 c351 c661 c461 c782 c20 c718 c618 
p6857
c422 c75 c24 c192 c387 c86 c400 c479 
p7679
c167 c36 c224 c380 c376 c568 c613 c266 
p5748
c719 c307 c592 c231 c668 c425 c746 c127 c251 c61 
p9250
c628 c593 c521 c656 c389 c129 c651 
p4008
c122 c557 c497 c781 c756 c398 c400 c265 
p6588
c737 c33 c181 c206 c374 c585 c385 c739 c382 c451 
p3091
c730 c208 c19 c424 c531 c64 c527 
p8947
c628 c203 c356 c39 c188 c392 c281 c38 c473 
p8322
c220 c496 c474 c151 c596 c200 c7 c201 c390 
p537
c759 c508 c399 c660 c135 c722 c260 c301 c8 
p1737
c419 c478 c610 c183 c266 c438 c378 c342 
p427
c548 c317 c389 c125 c480 c698 c615 c91 c722 
p4731
c661 c666 c475 c401 c219 c687 c529 c286 c745 
p7560
c375 c496 c442 c635 c482 c431 c720 
p8831
c350 c62 c147 c406 c180 c241 
p3056
c334 c776 c746 c433 c547 c671 c662 c292 c646 c224 
p7945
c95 c542 c696 c643 c467 c152 c392 
p4790
c333 c397 c85 c604 c617 c706 c527 c698 c148 c503 
p9910
c486 c382 c79 c499 c31 c525 
p2132
c690 c473 c149 c784 c388 c635 c735 c54 
p4599
c512 c319 c730 c706 c664 c361 c556 c88 c329 c379 
p2066
c412 c379 c383 c460 c751 c670 c496 c468 c295 
p2833
c474 c789 c399 c689 c254 c271 c188 c218 c575 c491 
p5244
c415 c582 c593 c396 c760 c607 c395 c598 c677 c750 
p4852
c344 c181 c727 c746 c441 c702 c698 c521 c304 
p0
c255 c331 c135 c245 c159 c686 c115 c721 c324 c359 
p2239
c470 c214 c88 c429 c644 
p2378
c340 c302 c419 c414 c213 c94 c511 c238 c630 c452 
p2180
c322 c158 c500 c12 c483 c766 
p8489
c107 c777 c73 c218 c646 c761 c258 c540 c501 
p684
c443 c766 c27 c166 c305 c562 c557 c249 c643 
p6254
c19 c166 c224 c233 c719 c115 c747 c134 c672 
p5670
c373 c645 c553 c205 c349 c666 c386 c547 c25 c84 
p8008
c589 c41 c363 c47 c391 c188 c55 c69 c412 c160 
p3823
c110 c438 c488 c313 c127 
p644
c207 c466 c86 c590 c420 c324 
p5711
c749 c740 c96 c23 c700 c415 
p8083
c214 c147 c623 c451 c376 c382 c4 c41 c20 
p1989
c767 c160 c730 c117 c590 c346 c550 c629 
p6615
c726 c260 c793 c405 c177 c279 c487 c35 c708 c570 
p6889
c795 c221 c690 c44 c697 c793 c476 
p2983
c532 c137 c370 c395 c522 c81 
p9597
c425 c203 c243 c531 c629 c287 c71 c75 c129 c319 
p9377
c49 c399 c380 c51 c441 c299 c149 c175 c699 
p2862
c91 c133 c650 c81 c195 c746 c82 c501 
p1435
c416 c49 c213 c131 c283 c400 c669 c382 
p3927
c464 c443 c236 c349 c231 c761 c497 c64 
p3827
c270 c370 c722 c531 c397 c161 c468 c799 c239 
p331
c412 c195 c718 c418 c162 c4 c442 c405 c194 c268 
p6154
c11 c64 c248 c489 c258 c236 c735 
p4125
c770 c369 c457 c61 c440 c431 c120 c135 
p5886
c776 c258 c148 c721 c436 c363 c455 c360 
p1267
c460 c14 c708 c766 c232 c113 c705 c40 
p1210
c757 c613 c397 c619 c293 c243 c311 c531 c265 c405 
p4725
c649 c703 c174 c691 c642 c104 c229 c602 c56 c618 
p6024
c727 c465 c184 c194 c87 c364 c353 c779 c473 c9 
p5827
c667 c696 c188 c53 c281 c365 c507 c180 c734 c291 
p4464
c449 c699 c85 c562 c131 c400 c738 c265 c521 c79 
p7321
c513 c57 c607 c3 c16 c767 c95 
p2645
c277 c624 c514 c53 c772 c63 c703 c57 c39 
p1550
c462 c665 c20 c557 c44 c82 c749 c633 
p4785
c676 c127 c494 c152 c422 c29 c104 
p7262
c514 c454 c580 c747 c504 c649 
p2227
c691 c102 c198 c755 c459 
p7689
c450 c106 c152 c163 c281 c99 c290 c706 
p4362
c316 c70 c579 c620 c365 c600 c309 c705 c246 c417 
p5601
c556 c706 c43 c588 c756 c268 c230 c579 
p7073
c762 c254 c771 c219 c571 c166 c208 c354 c78 c616 
p3959
c263 c38 c142 c54 c443 c798 c164 c187 
p1744
c392 c7 c666 c301 c432 c495 c457 
p3492
c552 c48 c683 c714 c159 c798 c508 c317 
p3668
c714 c389 c663 c39 c80 c50 c147 c21 c70 
p7493
c737 c796 c92 c644 c69 c748 
p9187
c520 c247 c567 c610 c1 c215 c757 c421 c135 c206 
p6905
c415 c564 c437 c688 c192 c116 c30 c429 
p327
c4 c91 c586 c155 c46 c54 
p2697
c779 c393 c505 c141 c453 c321 c242 c229 
p2446
c439 c294 c308 c111 c90 c30 c217 c422 c626 
p6417
c619 c697 c556 c75 c765 c72 c114 c58 
p914
c389 c52 c77 c287 c424 c456 c570 c27 c551 
p3726
c96 c491 c548 c202 c330 c254 c407 c694 c130 c616 
p9858
c2 c582 c298 c667 c57 c322 c289 c414 c155 c231 
p5327
c290 c106 c414 c561 c222 c570 c784 c760 c729 
p9101
c691 c259 c33 c376 c680 c268 
p4328
c593 c21 c339 c93 c290 c466 c658 c167 
p1113
c385 c510 c495 c609 c215 c150 c154 
p4005
c225 c3 c321 c213 c84 c205 
p9001
c424 c641 c606 c470 c340 c744 c508 c756 c348 
p8350
c749 c113 c366 c232 c460 c642 c501 c406 c527 c390 
p951
c341 c4 c594 c183 c528 c138 c733 c713 c166 
p5577
c327 c352 c353 c772 c368 c481 c111 
p6203
c231 c291 c614 c506 c747 c346 c57 c371 c259 
p8765
c196 c602 c567 c721 c379 
p3525
c404 c163 c448 c3 
p4389
c68 c2 c701 c482 c3 c176 
p5970
c363 c462 c375 c99 c629 c514 c501 c374 c740 
p7697
c371 c97 c389 c659 c580 c257 c45 c36 c345 c22 
p2569
c206 c86 c753 c600 c782 c244 c33 
p3620
c8 c147 c525 c363 c402 c508 c757 c751 c25 c554 
p7646
c216 c83 c220 c192 c613 c373 c17 c399 c47 
p4266
c591 c215 c692 c508 c252 c451 c7 c266 c503 
