49
p7329
c876 c949 c126 c913 c574 c66 c834 c60 
p18274
c648 c27 c451 c155 c551 c504 c572 c148 c757 c608 c603 c907 c227 c315 c792 
p11817
c646 c653 c944 c673 c67 c239 c64 c303 c604 c35 
p7688
c340 c433 c893 c132 c521 c692 c803 c354 c578 c790 c38 c381 c928 c61 c287 c947 c582 c636 c944 c144 c976 c239 c224 c846 c101 c16 c493 c528 
p18260
c35 c40 c355 c64 c716 c161 c589 c847 c508 c840 c13 c555 c489 c563 
p10085
c824 c603 c652 c239 c750 c398 c813 c589 c218 c853 c875 c29 
p4849
c663 c29 c108 c55 c873 c692 c524 c792 c971 c908 c30 c238 c166 c546 c489 c169 c360 c75 c906 c366 c303 c15 c750 c120 
p18688
c546 c150 c354 c954 c412 c224 c296 c433 c757 c685 c953 c652 c644 
p4524
c138 c61 c262 c296 c101 c243 c238 c325 c740 c77 c685 c195 c169 c963 c634 c519 
p20945
c238 c120 c191 c287 c729 c715 c443 c183 c324 c123 c486 
p5625
c659 c117 c445 c178 c558 c654 c55 c987 c288 c582 
p16711
c44 c599 c293 c280 c398 c883 c906 c294 c23 c275 c73 c202 c409 c117 c854 c659 c546 c377 c518 c486 c851 c494 c703 c384 c204 c990 c201 c133 
p19686
c159 c272 c670 c990 c873 c238 c59 c511 c61 c339 c763 c851 c907 
p13405
c761 c38 c724 c563 c108 c205 c984 c763 c880 c597 c599 c507 c807 c169 c489 c879 c577 c601 c570 c132 c280 
p4631
c230 c140 c61 c35 c136 c183 c721 c481 c761 c857 c510 c434 c585 c875 c859 c486 c661 c608 c75 c179 c563 c249 c622 c956 
p8458
c144 c612 c799 c763 c976 c166 c117 c668 c169 c406 c787 c187 c459 c486 c44 c510 c249 c345 c191 c494 c26 c673 c204 c932 c13 c823 c354 c804 
p15659
c58 c199 c458 c747 c599 c388 c282 c637 c508 c324 c701 c75 c632 c451 
p7144
c296 c130 c545 c994 c938 c622 c457 c536 c859 c528 c288 c161 c954 c411 c478 c169 c757 c519 c963 c588 c614 c243 c9 c612 c204 c841 c398 c22 c696 c988 c591 c944 c24 c507 c589 c38 c124 c392 c854 c48 c155 c492 c652 c879 c406 c546 c876 c675 
p1050
c860 c564 c145 c551 c567 c500 c578 c724 c169 c428 c834 c634 c508 c13 c161 c355 c790 c828 c576 c574 
p4727
c30 c589 c932 c675 c449 c971 c300 c572 c698 c947 c660 c851 c893 c582 c526 c169 c577 c16 c325 c457 c887 c646 c315 c489 c653 c144 c180 c906 c656 c262 c466 c66 c716 c670 c531 c73 c201 
p12389
c157 c712 c669 c567 c280 c158 c59 c159 c478 c293 c406 c35 c511 c953 c486 c798 c831 c885 c938 c162 c38 c48 c729 c659 c326 c504 c88 c16 c963 c66 c24 
p7719
c834 c42 c34 c804 c288 c230 c354 c120 c533 c971 c508 c936 c572 c263 c524 c283 c661 c108 c457 c434 c205 c69 c685 
p17424
c274 c589 c578 c41 c145 c566 c26 c504 c806 c205 c543 c644 c33 c123 c655 c862 c556 c227 c169 c73 c823 c437 c57 c838 c875 c908 c947 c489 c726 c307 c701 c492 c252 c153 c636 c238 c303 c859 c879 
p9985
c791 c108 c4 c30 c842 c449 c132 c654 c38 c24 c469 c696 c205 c386 c819 c474 c367 c504 c198 c577 c433 c854 c953 c593 c947 c70 c879 c39 c152 c339 c594 c834 c227 c938 c607 c287 c721 c563 c213 c305 c48 c19 
p17091
c218 c478 c934 c536 c327 c412 c213 c303 c384 c771 c300 c596 c275 c64 c838 c108 c543 c854 
p13204
c925 c824 c577 c828 c358 c198 c24 c41 c59 c841 c224 c513 c58 c178 c644 c272 c315 c305 c451 c61 c916 c19 c386 c274 c495 c157 c947 c776 
p22258
c283 c514 c27 c589 c826 c934 c824 c721 c887 c493 c728 c603 c271 c842 c508 c48 c771 c566 c179 c519 c252 c130 
p19736
c734 c327 c916 c851 c925 c807 c147 c35 c996 c324 c303 c249 c761 c466 c833 c831 c919 c57 c804 c724 c275 
p4172
c463 c98 c428 c325 c23 c89 c712 c133 c908 c724 c267 c659 c607 c484 c315 c698 c551 c59 c14 c457 c999 c879 c625 c495 c994 
p8872
c158 c267 c636 c994 c696 c807 c903 c591 c717 c152 c280 c660 c745 c330 c504 c7 c59 c673 c35 
p23717
c289 c944 c327 c58 c32 c908 c496 c717 c646 c582 
p1484
c589 c828 c198 c818 c496 c73 c449 c296 c823 c847 c638 c204 c323 c377 c518 c919 c715 c280 c812 c885 c163 c771 c712 c929 c309 c169 
p14548
c808 c665 c495 c386 c155 c701 c635 c130 c685 c528 c205 c427 c655 c494 c740 c661 c799 c806 c589 c696 c150 c438 c564 c893 c35 c239 c169 c48 c906 c224 
p2668
c178 c195 c73 c155 c445 c159 c663 c907 c596 c305 c976 c296 
p17615
c195 c879 c518 c665 c626 c9 c228 c148 c279 c481 c445 c326 c61 c715 c862 c132 c458 c77 c841 c951 c438 c808 c652 
p10881
c942 c354 c144 c531 c589 c559 c262 c546 c449 c984 c936 c324 c906 c599 c48 c792 c653 c598 c745 c117 c323 c763 c132 c601 c340 c275 c558 c818 c846 c366 c201 c859 c873 c40 
p23080
c987 c882 c851 c179 c180 c670 c513 c698 c734 c398 c202 c262 c486 c267 c808 c831 c763 c222 c123 c999 c669 c614 c199 c330 c792 c411 c793 c934 c4 c603 c626 c703 c594 c599 c42 c340 c561 c715 
p9549
c267 c481 c315 c990 c492 c449 c757 c73 c66 c511 c339 c230 c626 
p12773
c324 c58 c813 c486 c466 c589 c239 c275 c136 c484 c956 c996 c38 c411 c932 c879 c818 c776 c670 c675 
p11803
c576 c514 c443 c851 c604 c792 c729 c283 c478 c13 c818 c124 c673 c238 c925 c887 c883 c355 c24 c787 c384 c791 c826 c761 c570 c776 c806 c589 c393 c239 c745 
p5146
c828 c716 c854 c23 c589 c599 c692 c784 c747 c614 c132 c201 c252 c879 c919 c883 c994 c204 c67 
p17583
c652 c287 c910 c386 c288 c98 c916 c37 c589 c563 c157 c489 c928 c67 
p13870
c740 c876 c198 c494 c191 c360 c763 c289 c89 c326 c243 c262 c230 c340 c13 c612 c280 c857 
p2164
c427 c201 c117 c570 c761 c57 c963 c216 c166 c563 c44 c130 c771 c458 c48 c578 c132 c287 c948 c803 c305 c594 c355 c510 c994 c608 c466 c278 c239 c817 c294 c724 c637 c652 c519 c16 c685 
p18855
c670 c33 c239 c761 c659 c860 c893 c734 c30 c567 c271 c180 c663 c222 c287 c224 c988 
p8259
c994 c305 c726 c582 c384 c23 c948 c685 c77 c966 c594 c24 c459 c893 c951 c161 c842 c457 c607 c717 c725 c673 c653 c323 c847 c98 c555 c938 c187 c463 c862 c518 
p1399
c30 c994 c202 c987 c876 c326 c117 c198 c665 c438 c305 c32 c826 c656 c145 c638 c824 c108 c757 c179 
p6289
c654 c17 c607 c481 c76 c851 c828 c238 c599 c854 c325 c659 c451 c726 c792 c652 c263 c39 c818 
p11700
c412 c271 c721 c761 c494 c648 c187 c634 c644 c30 c984 c398 c638 c495 c451 c994 c88 c324 c853 c239 c757 c216 c622 c26 c661 c38 
