73
SlidesNextv2
JenZ PhilippH 
StreamXv9
LarryO 
ShoppingProv8
FionaN PhilippI 
WearOSLitev5
NellyY BakhodirD TatiyanaC JenK PhilippI 
StreetViewProv9
SundarA MatasC ClementE MatasW JenK PhilippK NellyY LarryO 
AndroidAutoZv2
PhilippH JenK PhilippI LarryX SergeyU 
SitesSv1
SergeyU ClementL 
ResearchXv8
SundarP ClementM BakhodirW JenK ClementE 
GameProv3
PhilippY 
ConnectLitev9
SundarA 
ChromeNextv7
SergeyV BakhodirD PhilippY 
StreetViewXv1
TatiyanaC JenK FionaF 
ExploreUltrav8
BakhodirD ClementM SergeyV HiroshiF FionaJ SusanQ ClementE 
DaydreamLitev7
BakhodirW 
FeedBurnerMaxv3
TatiyanaC LarryO 
MarsXv1
HiroshiF FionaJ MichalB MatasH 
ShortsNextv7
FionaF PhilippY HiroshiF 
DocsNextv2
SundarP JenK ClementL 
MarsUltrav8
PhilippI SergeyU SusanQ PhilippP StefanQ BenjaminT RuthX BakhodirG MatasW 
DuoZv4
ThomasK SundarP LarryX FionaJ PhilippK RuthX ThomasM 
SmartLitev9
JenZ ThomasK PhilippP 
DreamSv2
SusanQ PhilippP SergeyN LarryO PhilippI MatasW 
MarsLitev5
BakhodirD TatiyanaC 
BuildMaxv1
MichalB RuthX NellyY BakhodirG SergeyV 
StreamXv6
BakhodirW JenK SergeyN ClementM FionaJ 
ChromeOSUltrav5
JenK PhilippH SergeyU HiroshiW PhilippK ClementL 
SmartSv2
FionaF BakhodirW PhilippK BenjaminT FionaN 
ChromeOSLitev3
PhilippP HiroshiW PhilippY 
CollectionsNextv1
TatiyanaC SergeyN MatasW MatasH 
WebserverProv6
PhilippP 
MapsProv8
HiroshiW SergeyT LarryX 
DuoZv2
PhilippY SundarP FionaF 
MapsSv7
SundarA PhilippK FionaF LarryO ClementM ThomasK MatasW LarryX ClementE BakhodirD 
SitesUltrav5
SergeyU PhilippI MatasW TatiyanaC LarryX SergeyT PhilippY SundarP 
VoiceProv8
MatasW ClementE MatasC ClementM TatiyanaC 
GlassOSLitev9
FionaJ BakhodirG SundarA PhilippK HiroshiF PhilippH 
ClassroomMaxv2
TatiyanaC SusanQ 
ReleaseUltrav1
FionaJ BakhodirD 
GameLitev8
PhilippP PhilippK MatasW SergeyN 
CastOSProv6
LarryX 
AndroidTVMaxv5
HiroshiF SundarP PhilippK 
GmailLitev9
PhilippP BakhodirG ThomasK StefanQ PetarF MatasW LarryX HiroshiF SergeyU SergeyN 
GameProv6
LarryO SusanQ StefanQ 
FuchsiaXv6
SergeyV SundarA 
GlassOSSv3
MatasW JenZ 
CastOSXv6
LarryO SundarP MatasH BakhodirG StefanQ ClementL SundarA 
CollectionsZv7
HiroshiW SergeyV BakhodirD PhilippI SundarA SergeyN FionaJ 
DuoMaxv1
FionaJ NellyY PhilippI PhilippP ClementL 
AndroidTVNextv1
MatasC NellyX SergeyV LarryO PhilippP ThomasM SergeyU SundarL 
GmailSv4
PetarF NellyY 
CultureProv7
MatasW TatiyanaC PhilippY SergeyU FionaJ ThomasM BakhodirW ClementE 
BloggerNextv8
PhilippP ClementE MatasW SergeyV 
DataZv2
SusanQ ThomasM ClementM FionaF StefanQ PhilippH MatasH SergeyT 
SkyLitev6
TatiyanaC ThomasM PhilippI 
AssistantUltrav2
MatasC SergeyU StefanQ MichalP BakhodirW PhilippP 
FuchsiaLitev6
PhilippY BenjaminT ThomasK FionaJ BakhodirW PhilippI SergeyV 
PhoneUltrav1
BakhodirW LarryO ThomasM SundarH StefanQ 
FeedBurnerMaxv1
MichalB ThomasK ClementL HiroshiF 
WearOSProv2
FionaN NellyY SergeyV PhilippY FionaJ ThomasM MatasW PhilippH StefanQ 
AlertsLitev7
SergeyN HiroshiF SergeyT BenjaminT 
StadiaZv1
TatiyanaC ClementM BenjaminT PhilippP 
MapsUltrav3
TatiyanaC HiroshiW PhilippP 
StreetViewNextv3
SusanQ PhilippH JenZ 
SearchNextv1
SergeyV ThomasM MichalB SundarP ThomasK 
KeepXv5
PhilippP HiroshiF MichalP 
SantaTrackerXv4
HiroshiW ThomasM ClementE BakhodirG ClementL FionaJ SergeyU PhilippH SusanQ MichalP 
PhotoProv3
StefanQ HiroshiF BakhodirD SusanQ MichalP SergeyV SergeyU 
CastOSNextv8
LarryO LarryX ClementM SergeyU ThomasM BakhodirW NellyY TatiyanaC 
MoonMaxv4
MichalP HiroshiW FionaF SundarA BakhodirW ThomasM StefanQ ThomasK HiroshiF BakhodirD 
ChatSv4
TatiyanaC BakhodirG PhilippP JenZ 
StadiaZv2
BakhodirG JenZ MichalP FionaF ThomasK MatasH 
StreetViewUltrav4
HiroshiW SergeyU JenZ 
WebserverProv4
HiroshiF NellyX PhilippP PhilippI PhilippH ClementE SergeyU MatasW PhilippY 
