93
ChromeLitev7
c740 c185 c663 c960 c212 c641 c204 c1138 c852 c1124 c44 c219 c1324 c1205 c95 c499 c920 c907 c184 c0 c955 c1163 c664 c642 c1169 c1105 c1042 c1194 c1446 c76 c215 c461 c512 c608 c899 c121 c26 c1295 c1308 c530 c425 c1285 c320 c12 c337 c1456 c1251 c1094 c874 c1383 c670 c999 c442 c551 c856 
ClassroomProv4
c1198 c624 c383 c679 c331 c1067 c343 c834 c533 c4 c736 c956 c963 c987 c845 c701 c135 c1065 c517 c800 c1499 c675 c851 c737 c1257 c107 c167 c1439 c615 c398 c161 c195 c31 c386 c603 c491 c933 c909 c847 
PatentsLitev8
c111 c1321 c268 c137 c812 c1049 c531 c738 c1281 c63 c1223 c829 c1130 c1106 c563 c48 c1055 c45 c368 c235 c1440 c908 c779 c708 c1 c1291 c179 c11 c313 c529 c193 c1079 c1473 c780 c1110 c802 c55 c41 c122 c1029 c561 c1384 c1399 c1316 c198 c394 c1237 c1125 c1484 
SkyXv9
c1322 c1234 c591 c1157 c305 c160 c1161 c169 c83 c1361 c953 c986 c96 c878 c1452 c1349 c527 c662 c853 c448 c1253 c626 c18 c850 c183 c755 c1449 c1468 c489 c341 c632 c1232 c1183 c574 c1433 c754 c283 c1170 c824 c261 c382 c1046 c1490 c904 c966 c483 c1388 c588 c1116 c843 
DatabaseUltrav7
c491 c1065 c111 c193 c326 c179 c529 c368 c799 c1484 c367 c561 c1338 c956 c1055 c63 c1029 c1262 c570 c4 c701 c736 c531 c1198 c726 c800 c995 c668 c738 c828 c1440 c268 c1081 c167 c1316 c845 c1067 c1314 c107 c722 c1499 c1321 c987 c622 c1039 c517 c1130 c394 c1048 c1079 c144 c135 c383 c851 c653 c629 
TranslateProv2
c1075 c271 c1243 c962 c1158 c1128 c1129 c1093 c1378 c36 c921 c1134 c1027 c1142 c1442 c277 c99 c859 c1398 c153 c939 c776 c1493 c1229 c1111 c145 c862 c263 c455 c1385 c1372 c788 c22 c123 c1096 c848 c493 c1411 c188 
AndroidSv3
c270 c558 c459 c376 c592 c1193 c1360 c858 c797 c73 c760 c323 c587 c390 c97 c200 c429 c1151 c537 c5 c473 c168 c697 c1459 c16 c325 c526 c397 c723 c808 c1256 c454 c40 c889 c1428 c1083 c1470 c92 c1076 c162 c211 c905 c1107 c1156 c501 c589 c1127 c657 
SkyNextv7
c411 c1310 c27 c243 c621 c47 c1271 c287 c901 c840 c991 c792 c693 c1064 c85 c1277 c1043 c676 c892 c13 c1246 c813 c1395 c1467 c578 c560 c276 c842 c1315 c830 c1252 c375 c660 c1144 c511 c421 c46 c774 c518 c945 c1352 
StorageUltrav2
c1204 c954 c192 c538 c3 c426 c795 c817 c1244 c575 c935 c572 c294 c416 c1423 c715 c498 c245 c807 c1414 c1191 c8 c469 c1016 c928 c612 c625 c787 c42 c1074 c766 c1451 c1347 c1305 c666 c56 c361 c120 c744 c316 
NewsXv4
c1101 c938 c233 c1376 c661 c553 c322 c427 c946 c1071 c488 c1242 c355 c1073 c453 c1353 c1182 c1088 c1184 c1238 c1480 c767 c171 c1235 c1294 c267 c1282 c719 c1017 c1139 c854 c100 c94 c1152 c208 c628 c1166 c677 c1307 c339 
LearnProv6
c967 c440 c600 c2 c1364 c573 c1478 c279 c1260 c299 c943 c1296 c387 c1363 c680 c952 c333 c839 c949 c1491 c509 c1397 c1434 c1245 c1460 c710 c1197 c372 c1444 c964 c869 c747 c1333 c303 c707 c370 c536 c15 c786 c699 c334 c1318 c1317 c718 c833 c557 c150 c1292 c1418 c540 
FormsNextv5
c1267 c686 c1171 c1195 c403 c157 c1350 c1133 c1471 c400 c911 c30 c449 c419 c1118 c240 c1357 c524 c865 c1474 c1299 c1005 c52 c415 c1032 c919 c725 c539 c20 c782 c819 c1270 c645 c729 c32 c1345 c1368 c65 c804 c140 c358 c739 c401 c712 c646 c24 c1279 c68 c197 c1424 c1254 c616 c1429 c1145 c993 
FinanceLitev1
c231 c1476 c504 c1479 c1264 c1240 c173 c801 c1382 c1141 c816 c751 c1056 c1454 c202 c1192 c513 c525 c1100 c753 c1354 c1469 c475 c238 c1187 c58 c1488 c29 c1266 c586 c893 c1217 c25 c1445 
SlidesZv6
c818 c1062 c714 c278 c1419 c860 c404 c1231 c445 c217 c1481 c791 c388 c224 c190 c682 c1379 c310 c1086 c142 c978 c478 c687 c118 c934 c1374 c891 c344 c51 c1412 c1437 c1208 c1015 c548 c879 c969 c229 c982 c514 c647 c1218 
PatentsProv3
c225 c515 c1269 c959 c1185 c378 c105 c1155 c114 c1058 c821 c342 c479 c1098 c293 c950 c579 c547 c21 c1001 c1483 c38 c1344 c75 c349 c918 c414 c599 c457 c502 c1019 c110 c64 c106 c732 c396 c564 c466 
FuchsiaZv7
c380 c566 c638 c508 c669 c223 c1037 c1265 c174 c391 c1040 c1057 c1255 c1320 c894 c477 c444 c1298 c673 c998 c1013 c778 c1343 c1438 c583 c468 c1047 c970 c236 c420 c649 c846 c900 c1289 c961 c968 c1463 c101 c1319 c665 c598 c1304 c255 c319 c1036 c348 c864 c441 c528 c379 c690 c898 c742 c1070 c108 c543 c1123 
ChromecastZv5
c580 c602 c977 c554 c597 c610 c1206 c381 c910 c500 c1492 c408 c932 c67 c72 c307 c1391 c1050 c731 c1041 c1268 c1224 c1286 c1059 c775 c43 c1435 c717 c82 c1102 c431 c409 c931 c486 c242 c470 c1012 c330 c436 c576 c384 
PhotoSv9
c1315 c945 c1071 c375 c1016 c1 c331 c1049 c1235 c55 c478 c813 c386 c998 c963 c767 c575 c829 c666 c161 c267 c31 c294 c395 c615 c991 c243 c1043 c1237 c938 c1376 c1062 c1310 c533 c1473 c675 c933 c780 c560 c1223 c313 c621 c245 c997 c343 c744 c412 c779 c137 c847 c578 c1353 c122 
VoiceNextv7
c228 c69 c1403 c1461 c1045 c630 c640 c1406 c149 c327 c220 c803 c826 c1061 c434 c915 c748 c1290 c979 c618 c422 c773 c882 c544 c132 c60 c79 c1457 c1464 c141 c143 c112 c134 c450 
DatasetSearchZv7
c62 c689 c374 c234 c19 c855 c1051 c522 c584 c1425 c1028 c1137 c763 c1325 c556 c1175 c1078 c1390 c980 c443 c1023 c298 c490 c634 c866 c165 c761 c619 c1104 c913 c366 c1284 c1143 c994 c1287 c985 c78 c496 c1455 c218 c559 c942 c975 c155 c917 c534 c604 c1337 
FlightsNextv3
c11 c818 c908 c316 c603 c715 c807 c1242 c361 c1271 c1191 c235 c1204 c812 c1395 c477 c416 c1106 c1139 c195 c287 c276 c190 c1439 c41 c624 c676 c612 c638 c1257 c120 c1352 c538 c1399 c398 c1437 c660 c834 c1481 c854 c388 c3 c1074 c45 c48 c511 c647 c1013 c217 c892 c840 c1037 c677 
YouTubeXv1
c437 c805 c54 c1054 c1309 c809 c351 c1099 c823 c364 c462 c702 c681 c903 c1120 c1213 c1275 c1462 c1369 c1150 c476 c981 c700 c685 c965 c996 c1355 c822 c23 c49 c1381 c759 c1103 c424 c1180 c1250 c264 c770 c1034 c781 
PatentsZv3
c947 c274 c1358 c631 c764 c9 c1091 c654 c1117 c315 c291 c1366 c136 c672 c1038 c432 c1063 c671 c1230 c716 c925 c704 c189 c1084 c532 c867 c1030 c1335 c1060 c252 c906 c627 c793 c648 c290 c109 c1348 c785 c790 c1370 c1400 c346 c875 c226 
GameSv2
c446 c656 c203 c1149 c872 c1482 c163 c825 c1280 c413 c91 c1356 c876 c126 c1407 c635 c1219 c1222 c117 c523 c66 c133 c789 c728 c1112 c250 c752 c944 c487 c897 c1035 c158 c783 c485 
DaydreamUltrav1
c617 c302 c321 c815 c393 c301 c417 c568 c74 c989 c735 c545 c407 c844 c1122 c887 c1020 c399 c1209 c510 c1113 c857 c210 c1162 c678 c324 c941 c884 c1408 c1033 c350 c1288 c259 c652 c363 c535 c1214 c1297 c93 c521 c1201 c1188 c187 c284 c929 
FlightsSv2
c464 c983 c811 c1082 c912 c1077 c329 c1181 c61 c1394 c385 c1367 c1068 c713 c1371 c353 c1432 c59 c1174 c711 c895 c439 c119 c1276 c542 c886 c1328 c50 c1226 c1409 c1173 c14 c1410 c369 c768 c1087 c1190 c924 c1373 c1221 c1386 c992 c1497 c1026 c253 c613 c1336 c272 
LoggingProv9
c611 c881 c467 c1080 c154 c1450 c402 c1018 c549 c70 c230 c1167 c1300 c1393 c506 c957 c721 c863 c474 c1239 c311 c1283 c1447 c541 c166 c958 c1200 c57 c1303 c1066 c281 c827 c1404 c205 c221 c810 c870 c1172 c7 c1293 c1022 c705 c916 c772 c335 c1466 
OsZv8
c39 c1302 c1342 c288 c849 c102 c694 c113 c492 c354 c582 c1247 c1186 c1351 c927 c1413 c806 c258 c594 c423 c571 c1380 c172 c405 c1311 c877 c835 c771 c460 c266 c1164 c1415 c1377 c555 c273 c1000 c1420 c1021 c1140 c239 c262 c282 c990 c77 c88 c1341 c104 c318 c837 c724 c1430 c214 c973 c1044 c216 c1069 
ImagesZv5
c1110 c1218 c704 c274 c413 c250 c1347 c1489 c969 c906 c978 c1030 c764 c257 c879 c546 c1125 c795 c189 c469 c1249 c224 c635 c875 c42 c1451 c198 c163 c817 c876 c654 c935 c1149 c1258 c142 c954 c126 c787 c252 c672 c671 c802 c1115 c714 c1348 c1280 c674 c404 c192 c1412 c1219 c130 c158 c1291 c789 
DuoZv7
c81 c696 c1396 c147 c304 c880 c550 c596 c1090 c1114 c280 c129 c733 c495 c232 c1203 c295 c139 c251 c902 c116 c593 c914 c1402 c1159 c1053 c237 c286 c1487 c650 c80 
MapsSv2
c503 c1329 c458 c53 c667 c359 c1496 c1326 c306 c507 c481 c452 c923 c1072 c936 c1441 c1177 c186 c1443 c1427 c447 c336 c644 c639 c703 c309 c609 c1168 c159 c590 c10 c1362 c1097 c951 c1176 
FormsNextv1
c1147 c1007 c472 c1340 c377 c777 c494 c1109 c248 c206 c1278 c289 c1014 c389 c84 c433 c1126 c1472 c1225 c1121 c930 c516 
PhotoNextv6
c765 c709 c614 c1002 c890 c1306 c300 c98 c1421 c1405 c505 c1448 c1436 c741 c241 c769 c1426 c1273 c727 c33 c1146 
ShoppingNextv6
c247 c636 c206 c688 c1407 c1109 c1014 c1091 c124 c91 c872 c226 c783 c627 c552 c720 c743 c1212 c484 c180 c926 c1063 c128 c532 c1356 
AndroidTVMaxv4
c882 c1193 c808 c1083 c566 c323 c786 c92 c270 c653 c1244 c1262 c668 c211 c657 c60 c16 c1231 c473 c1493 c589 c776 c629 c188 c278 c1294 c513 c587 c622 c344 c271 c99 c1056 c1459 c1467 c526 c200 c509 c563 c598 c144 c1281 c1385 c79 c697 c1081 c1398 c1434 c799 c760 c661 c1292 c277 c1442 c1128 c1182 c429 c1260 c1338 
ImagesSv4
c1096 c537 c962 c846 c454 c453 c1464 c723 c1470 c376 c792 c1411 c947 c1129 c1166 c753 c1428 c145 c1064 c459 c47 c862 c36 c379 c737 c816 c669 c22 c173 c40 c828 c1240 c208 c455 c859 c1423 c1134 c1073 c618 c1039 c488 c46 c94 c27 c708 c220 c162 c518 c628 c939 c1144 c791 c898 
FinanceSv2
c291 c553 c411 c625 c1485 c1277 c693 c519 c1015 c909 c1384 c1230 c1496 c1152 c864 c583 c1252 c426 c1246 c1117 c1047 c997 c830 c894 c1212 c673 c1040 c970 c421 c1438 c181 c236 c825 c13 c468 c1305 c85 c842 c484 c428 c1414 
ChatLitev7
c168 c1027 c1378 c889 c1057 c202 c1101 c1048 c558 c982 c1454 c1427 c1075 c412 c570 c1070 c1264 c1402 c315 c592 c1358 c1469 c1184 c1156 c29 c487 c1192 c1457 c1476 c727 c223 c900 c545 c51 c498 c1093 c649 c797 c112 c8 c1238 c395 c679 c1158 c1086 c1382 c263 c1229 c722 c1127 c257 
DreamXv8
c1142 c427 c444 c687 c1151 c949 c255 c372 c322 c1479 c848 c833 c501 c735 c1364 c1379 c1343 c15 c1289 c10 c1397 c790 c540 c514 c707 c123 c1256 c967 c726 c928 c680 c1107 c171 c1036 c1488 c1317 c858 c788 c665 c407 c355 c319 c893 c1122 c766 c536 c1460 c887 c773 c97 
MapsUltrav8
c76 c26 c153 c564 c960 c367 c44 c600 c325 c1201 c856 c1243 c1456 c397 c1383 c899 c1141 c663 c874 c150 c642 c983 c852 c1295 c229 c1094 c1163 c1180 c1324 c12 c479 c495 c1169 c512 c728 c699 c339 c149 c185 c504 c1308 c573 c333 c105 c0 c543 c1124 c1205 c955 c204 c1208 c952 c326 c943 
VideoUltrav2
c441 c2 c897 c1360 c1400 c73 c1060 c961 c134 c752 c1024 c1329 c299 c1296 c914 c259 c593 c1061 c1320 c279 c1461 c630 c231 c1222 c170 c860 c1491 c108 c596 c481 c25 c445 c1197 c1482 c1111 c548 c180 c391 c5 c327 c302 c334 c440 c901 c572 c803 c475 c1298 c1290 c557 c785 c58 
SitesUltrav3
c370 c656 c1251 c1042 c1373 c414 c999 c664 c100 c950 c905 c551 c121 c1019 c1333 c641 c172 c844 c1266 c907 c174 c1098 c740 c1231 c1194 c303 c710 c184 c881 c56 c215 c995 c682 c109 c1285 c1105 c1058 c1414 c608 c827 c462 c106 c466 c544 c228 c1314 c442 
ExploreZv2
c981 c810 c781 c770 c187 c278 c921 c49 c1381 c437 c1384 c1020 c1265 c778 c353 c563 c425 c510 c640 c964 c670 c1404 c14 c1138 c1017 c528 c390 c979 c385 c515 c920 c1076 c212 c1150 c1444 c337 c219 c1245 c203 c493 c918 c1255 c648 c1403 c1100 c238 c1217 c1305 c1282 c774 c541 c434 c1446 c118 c1418 c396 c702 
OsProv6
c346 c139 c586 c801 c930 c348 c719 c690 c951 c902 c1207 c1084 c891 c129 c1426 c53 c280 c1136 c1445 c1011 c1304 c297 c546 c831 c81 c631 c485 c1405 c1177 c71 c130 c1227 c1147 c720 c33 c290 c289 c733 c1088 c751 c1480 c609 c233 c1319 c465 c1448 c1332 c742 c1178 c507 c607 c1090 c1258 c968 c944 c871 c125 
DataSv1
c1018 c1462 c1483 c1187 c1344 c700 c342 c69 c1099 c1082 c611 c1374 c1372 c718 c1038 c1408 c1354 c143 c1386 c783 c21 c912 c450 c1281 c502 c835 c118 c203 c461 c1181 c805 c1091 c329 c579 c23 c320 c806 c110 c1406 c1045 c264 c525 c1363 c1001 c95 
CastOSSv8
c972 c1431 c820 c1331 c1401 c585 c176 c1422 c430 c199 c347 c841 c1220 c340 c317 c191 c971 c418 c922 c360 
CurrentsXv5
c523 c256 c1095 c1486 c730 c508 c1123 c1115 c867 c1131 c777 c1330 c181 c244 c1002 c925 c1370 c336 c1362 c516 c159 c667 c1024 c438 c420 c590 c296 c1335 c519 c275 c606 c1035 c1112 c1307 c328 
ShoppingUltrav6
c965 c1430 c432 c1432 c839 c857 c1420 c1463 c826 c869 c424 c1113 c1394 c1318 c915 c535 c93 c80 c809 c210 c266 c1489 c1276 c1410 c1380 c364 c141 c492 c66 c1213 c1034 c1247 c439 c380 c1336 c769 c321 c1497 c1309 c946 c119 c1164 c849 c1419 c369 
ChatZv9
c599 c532 c116 c825 c863 c90 c70 c1447 c547 c927 c74 c1209 c822 c399 c378 c1407 c625 c54 c748 c1300 c793 c582 c811 c1369 c1478 c1409 c272 c1054 c114 c484 c1185 c1155 c771 c688 c273 c363 c1022 c301 c293 
DriveMaxv5
c269 c552 c883 c451 c152 c683 c124 c1179 c1272 c428 c131 c706 c796 c472 c1340 c1004 c934 c1313 c659 c1263 c1211 c247 c156 c128 
MapsZv4
c1226 c1359 c1097 c1250 c225 c1178 c38 c310 c959 c562 c1416 c1371 c1278 c703 c1323 c741 c1087 c530 c992 c351 c251 c349 c132 c113 c304 c1214 c1443 c417 c232 c1173 c433 c90 c125 c75 c136 c350 c309 c306 c291 
TranslateNextv9
c533 c853 c341 c675 c975 c1114 c382 c779 c1423 c1237 c666 c1239 c445 c1157 c842 c489 c989 c791 c1049 c615 c313 c18 c1297 c169 c1117 c160 c1 c96 c864 
StreamNextv8
c235 c817 c962 c135 c529 c1152 c766 c394 c1271 c1428 c1128 c1071 c668 c531 c1257 c477 c920 c708 c144 c1395 c624 c1056 c578 c1446 c572 c800 c653 c1360 c193 c824 c660 c1193 c1111 c1198 c657 c92 c283 c1473 c1322 c411 c1291 c1338 c111 c1067 c561 c509 
PhoneProv5
c368 c1499 c792 c987 c1440 c11 c483 c188 c491 c1029 c1399 c48 c587 c1433 c522 c409 c1451 c963 c1125 c1183 c813 c921 c383 c375 c933 c30 c754 c421 c850 c1081 c183 c1484 c760 c161 c526 c277 c882 c331 c16 c1145 c1234 c1470 c167 c398 c736 c865 c73 c55 c1244 c1043 c499 
StreetViewLitev5
c1464 c41 c566 c834 c557 c603 c1130 c3 c1065 c1253 c939 c598 c629 c903 c701 c1262 c812 c956 c1016 c780 c1055 c1242 c909 c738 c120 c761 c386 c524 c1353 c1321 c632 c1079 c99 c964 c847 c316 c219 c969 c425 c676 c192 c391 c1096 c343 c911 c588 c1490 c1182 c107 c527 c786 c1039 c729 
DaydreamZv6
c92 c1292 c331 c1156 c55 c1183 c375 c111 c653 c531 c461 c193 c320 c368 c212 c425 c708 c1321 c337 c1194 c1067 c737 c416 c767 c812 c1079 c1138 c11 c530 c657 c183 c668 c382 c1440 c1399 c612 c527 c1277 c808 c834 c1193 c235 c920 c760 c313 c1105 c561 c1042 c666 c1157 c956 c1446 c63 c1232 c587 c939 c744 
StreamXv2
c1056 c1285 c909 c1281 c343 c588 c739 c828 c1437 c1107 c851 c386 c271 c1424 c1452 c1110 c615 c411 c376 c489 c1170 c31 c1223 c1460 c1244 c195 c589 c670 c1384 c999 c580 c110 c621 c341 c22 c211 c187 c1142 c1310 c462 c198 c738 c1098 c529 c563 c511 c677 c387 c1315 c679 c1237 c1106 c1363 c83 c1480 c169 c641 c305 c501 
ChromeSv2
c1388 c267 c830 c816 c1425 c630 c1316 c1347 c1493 c829 c802 c1129 c1171 c179 c1403 c1442 c574 c755 c906 c998 c1265 c855 c268 c448 c1054 c662 c616 c846 c1398 c978 c1218 c638 c270 c560 c1444 c575 c419 c1134 c538 c717 c493 c27 c618 c1255 c245 c163 c1350 c469 c908 c1144 c1270 c46 
AndroidTVSv9
c1246 c991 c1063 c1166 c226 c102 c966 c238 c1282 c358 c913 c403 c576 c94 c68 c122 c1133 c1032 c732 c1474 c613 c1345 c626 
ConnectNextv4
c1235 c858 c697 c755 c96 c217 c986 c599 c1049 c45 c114 c1423 c20 c517 c42 c473 c1204 c448 c459 c1118 c200 c995 c845 c289 c97 c904 c4 c415 c1320 c968 c518 c752 c1083 c776 c574 c1161 c725 c1435 c753 c840 
SearchSv2
c1 c454 c420 c1490 c910 c1088 c361 c1349 c953 c1253 c426 c515 c949 c807 c455 c726 c675 c157 c954 c830 c1467 c1449 c1028 c160 c829 c1074 c788 c36 c712 c625 c427 c1352 c243 c2 c1116 c773 c488 c977 c449 c780 c1139 c431 c1102 c1268 c859 c1062 c628 c842 c1240 
VoiceUltrav2
c1439 c496 c165 c935 c134 c1200 c862 c818 c661 c137 c197 c640 c408 c1064 c284 c1162 c1325 c294 c979 c799 c1286 c355 c1254 c5 c1429 c299 c723 c25 c1224 c747 c556 c763 c672 c795 c319 c32 c1269 c401 c702 c584 c429 c440 c689 c843 c901 c468 c1061 c537 c1385 c1357 
DaydreamSv6
c236 c923 c945 c864 c85 c790 c224 c1411 c559 c853 c898 c1468 c687 c404 c13 c1434 c1191 c261 c1266 c1388 c208 c49 c1117 c1047 c1294 c938 c970 c1361 c693 c1084 c444 c1459 c1013 c928 c1073 c645 c1197 c1050 c344 c1343 c804 c1256 c1491 c591 c1076 c627 c65 c79 c919 
NewsZv2
c458 c1351 c819 c669 c821 c190 c252 c774 c1012 c109 c607 c1412 c993 c1005 c1275 c126 c513 c221 c635 c1287 c1260 c1174 c941 c441 c748 c1217 c994 c19 c74 c173 c250 c1355 
PhoneProv7
c1100 c929 c1030 c673 c1348 c1496 c61 c1298 c671 c1017 c651 c1041 c400 c62 c189 c1212 c894 c886 c101 c789 c103 c932 c997 c778 c1060 c875 c274 c528 
CurrentsXv7
c575 c513 c1062 c802 c533 c628 c1016 c390 c686 c805 c122 c1488 c680 c847 c538 c1418 c344 c1445 c1473 c910 c661 c162 c782 c953 c807 c1317 c710 c294 c14 c1307 c442 c626 c8 c469 c629 c1296 c1246 c1144 c775 c121 c1161 c95 c1314 c457 c690 c608 c819 c372 c142 
VoiceXv4
c714 c91 c854 c443 c1376 c665 c287 c811 c1370 c181 c1004 c430 c836 c457 c253 c399 c471 c1438 c234 c1366 c705 c302 c1172 c555 c334 c1195 c293 c1415 c926 c490 c1327 c240 c255 c553 c1351 c1275 c750 c437 c307 c108 c298 c1319 c534 c378 c1185 
AndroidSv7
c103 c646 c1379 c413 c1267 c651 c1455 c1471 c1375 c803 c713 c593 c1413 c1400 c866 c438 c622 c64 c84 c639 c1328 c47 c1206 c1492 c980 
ChartsLitev5
c934 c1151 c441 c977 c498 c1468 c1493 c13 c1182 c1232 c1277 c496 c245 c145 c60 c1368 c551 c1037 c1262 c848 c229 c499 c137 c3 c1005 c793 c578 c278 c1265 c1449 c1322 c991 c316 c179 c843 c1397 c1483 c283 c1316 c184 c1057 c1294 c1251 c1291 c1139 c396 c270 c946 c664 c1467 
FuchsiaLitev1
c54 c363 c514 c276 c583 c40 c547 c1059 c159 c878 c1051 c259 c1485 c516 c1342 c836 c388 c810 c1284 c860 c1026 c917 c667 c346 c78 c1219 c1369 c796 c322 c56 c1306 c290 c301 c1481 c652 c1120 c891 c1259 c731 
StreamZv6
c962 c473 c670 c526 c856 c851 c1271 c83 c26 c538 c215 c121 c313 c44 c767 c1065 c1096 c960 c850 c701 c144 c1106 c394 c499 c1191 c1442 c1198 c592 c782 c907 c137 c740 c675 c708 c955 c852 c1449 c337 c899 c1262 c153 c212 c824 c663 c1378 c829 c12 c185 c1316 c1205 c1451 c1383 c382 c1257 
BloggerProv4
c801 c1361 c1102 c761 c1375 c449 c912 c15 c982 c426 c616 c1350 c392 c1155 c395 c1028 c1255 c787 c1012 c136 c226 c1333 c969 c669 c560 c1152 c171 c445 c1063 c1014 c572 c1187 c771 c1007 c370 c1200 c1349 c1245 c674 c1078 c1403 c632 c904 c967 c1045 c908 c1279 c791 
ArtsZv2
c941 c64 c280 c59 c353 c1175 c303 c18 c1407 c481 c218 c434 c582 c348 c69 c1425 c1408 c844 c323 c374 c707 c1364 c174 c566 c715 c1149 c718 c158 c914 c532 c1332 c942 c258 c407 c140 c975 c315 c1116 c1305 c833 c981 c233 c747 c284 c1391 c101 c231 c1479 c961 c456 c774 c1441 c617 c662 c1258 c906 c1252 c1366 
WearOSMaxv1
c326 c358 c122 c491 c874 c1058 c792 c1170 c1360 c853 c787 c383 c953 c666 c1197 c243 c1423 c305 c845 c1064 c512 c533 c192 c1169 c1291 c905 c268 c0 c726 c788 c608 c599 c843 c1456 c1305 c570 c97 c1130 c1322 c626 c95 c1395 c1161 c219 c1128 c68 c517 c537 c16 c766 c283 c736 c1267 c1398 c574 c1043 c1349 c1039 
DrawingsLitev8
c263 c135 c52 c1086 c1307 c1055 c32 c1433 c1093 c686 c1270 c325 c48 c267 c808 c2 c1075 c737 c1048 c5 c1344 c1073 c20 c1338 c1459 c299 c911 c1076 c963 c454 c436 c800 c1029 c25 c1357 c4 c459 c160 c1166 c468 c1254 c1071 c397 c1234 c1282 c715 c1292 c46 c42 c488 c168 c797 c1444 c367 
ChromeZv7
c1111 c618 c603 c598 c1239 c157 c162 c1091 c1145 c818 c43 c224 c1084 c493 c390 c1245 c1101 c200 c713 c776 c966 c250 c79 c1439 c717 c1373 c1348 c161 c134 c1235 c1428 c638 c1242 c236 c722 c412 c1353 c455 c799 c509 c1229 c630 c1231 c415 c210 c558 c1240 c429 c892 c453 
SitesMaxv7
c1299 c816 c1184 c1014 c729 c693 c1352 c970 c964 c1368 c414 c47 c1217 c1015 c821 c478 c94 c327 c1074 c163 c881 c82 c901 c610 c27 c142 c85 c754 c272 c220 c779 c1238 c950 c483 c591 c1143 c646 c989 c1078 c795 c72 c611 c1181 c1175 c123 c826 c1290 c80 c238 c342 c649 c51 c536 c1208 c998 c978 
DaydreamProv6
c107 c945 c986 c968 c1027 c1125 c1470 c72 c123 c600 c935 c840 c987 c372 c612 c779 c869 c1343 c1143 c1061 c1129 c1452 c842 c1286 c1082 c1289 c41 c409 c1127 c676 c198 c1379 c753 c1484 c575 c217 c100 c645 c188 c1296 c893 c1243 c1016 c1032 c1345 c1314 c63 c120 c279 c830 c621 c882 c1110 c1138 c949 c339 c45 c355 
BloggerLitev6
c1273 c214 c77 c542 c604 c1374 c6 c918 c719 c116 c785 c1209 c102 c1114 c1335 c742 c1109 c822 c58 c996 c594 c508 c154 c1478 c191 c1040 
ShoppingProv1
c1124 c855 c1218 c813 c245 c928 c453 c76 c99 c660 c498 c258 c889 c625 c1109 c165 c195 c1036 c132 c412 c387 c277 c1488 c1 c513 c51 c1116 c977 c786 c1049 c522 c1424 c1464 c995 c864 c858 c1158 c1246 c1204 c702 c1295 c755 c739 c1001 c298 c1310 c677 c431 c1467 c580 c208 c1182 
GlassOSNextv9
c685 c542 c1356 c170 c53 c1077 c1354 c1272 c1167 c393 c1413 c1115 c1188 c282 c452 c1177 c1288 c1023 c540 c460 c958 c1020 c1362 c127 c1280 c1461 c648 c1150 c242 c656 c872 c1337 c1015 c244 c1104 c594 
ChromecastNextv4
c421 c231 c1382 c893 c8 c1353 c589 c24 c40 c1473 c1373 c258 c1088 c271 c993 c403 c294 c524 c1297 c1491 c860 c1435 c1151 c391 c401 c157 c967 c431 c742 c598 c400 c1385 c729 c1163 c789 c424 c876 c18 c243 c1299 c1074 c1232 c105 c725 c534 c943 c553 c1201 c1317 c1083 c145 c761 c680 c954 c819 c398 c1173 c1047 c807 
ImagesNextv7
c920 c1251 c795 c558 c383 c956 c440 c200 c491 c1152 c358 c192 c1105 c828 c1277 c27 c618 c1479 c531 c599 c1398 c305 c235 c142 c1480 c1253 c224 c1483 c165 c710 c653 c668 c477 c1193 c211 c563 c344 c561 c316 c801 c1237 c331 c204 c726 c1223 c1194 c986 c839 c343 c47 c1100 c1360 c303 c169 c1183 c15 c754 
SearchUltrav1
c528 c1462 c763 c257 c416 c31 c515 c1050 c380 c445 c790 c1418 c1134 c1117 c1414 c284 c1260 c1499 c731 c1122 c518 c458 c688 
CodeNextv2
c579 c1497 c1461 c1474 c898 c113 c504 c508 c167 c1269 c1060 c61 c1476 c247 c67 c502 c719 c980 c197 c49 c744 c1150 c171 c1469 
TravelUltrav7
c1169 c197 c587 c1349 c76 c1124 c1363 c622 c588 c1057 c582 c603 c840 c1440 c641 c527 c787 c657 c1125 c1321 c1129 c120 c448 c219 c813 c268 c16 c1428 c858 c55 c1081 c501 c790 c1158 c68 c502 c461 c802 c425 c1042 c629 c1039 c0 c469 c493 c533 c1244 c1245 c824 c1079 c579 c1139 c217 c1145 c744 c970 c45 
VoiceProv4
c1044 c1478 c942 c711 c765 c1123 c961 c1386 c202 c1020 c1429 c190 c361 c1465 c1404 c593 c543 c106 c75 c916 c865 c1120 c1212 c118 c1337 c959 c979 c635 c989 c752 c1118 c173 c396 c130 c586 
ReleaseUltrav2
c232 c557 c1013 c674 c163 c976 c100 c673 c1415 c1157 c559 c544 c419 c1471 c114 c1265 c1462 c1463 c310 c835 c925 c780 c1308 c648 c318 
ClassroomProv8
c894 c927 c272 c1426 c918 c965 c452 c140 c937 c1336 c895 c23 c420 c926 c1347 c1298 c682 c879 c1017 c1454 c29 c1167 
SheetsZv6
c716 c662 c560 c981 c129 c1101 c1376 c1364 c551 c179 c1238 c1218 c572 c402 c1352 c515 c848 c904 c1012 c1214 c30 c1062 c442 c518 c774 c1438 c674 c938 c895 c723 c278 c1414 c419 c1350 c855 
AndroidUltrav5
c1324 c36 c1434 c690 c721 c544 c1492 c748 c555 c610 c717 c189 c925 c1418 c333 c1171 c370 c402 c1217 c933 c353 c919 c966 c1214 c1333 c835 c891 c1045 c934 c149 
BooksUltrav6
c1143 c31 c411 c278 c1041 c1361 c687 c1017 c660 c702 c844 c1384 c161 c953 c508 c791 c834 c1267 c859 c453 c293 c625 c560 c933 c1469 c874 c49 c512 c792 c731 c63 c1446 c1260 c92 c900 c1195 c1474 c921 c991 c664 c99 c376 c1 c999 c1170 c1308 c378 c939 c415 c1464 c326 c1345 c630 c112 c1235 c183 
DuoProv6
c913 c319 c862 c1389 c91 c1391 c756 c1021 c1187 c1457 c14 c1037 c728 c434 c1320 c822 c975 c688 c1258 c380 c290 c1447 
