111
ClassroomSv2
RuthX 
MarsUltrav4
PhilippY SergeyA TatiyanaT BenjaminY PetarG TatiyanaC StepanU MichalQ PhilippE LarryG ClementV MichalF SusanC BakhodirB PetarA ClementX RuthP 
ReleaseLitev7
RuthT SergeyW FionaV MaxO 
MoonUltrav4
LarryN 
DaydreamMaxv4
ThomasQ 
SantaTrackerProv9
PrzemekV 
ChartsMaxv5
HiroshiR StefanY MichalY SusanK FionaT 
ScholarXv6
SundarD StefanK PrabhakarC LarryJ RuthB SundarA RuthF JenL MatasK BakhodirG JenR TatiyanaP 
AndroidTVMaxv1
LarryC NellyY MaxA JenE RuthJ SergeyW PhilippK FionaL SusanD ThomasE PhilippV BenjaminG BenjaminK PhilippT BakhodirT MaxM 
FormsUltrav3
ThomasL MatasF HiroshiI NellyU StepanG PetarN TatiyanaA StepanO 
CollectionsUltrav9
StefanK SundarA 
TravelUltrav3
PetarR JenE 
DataNextv9
ClementO SergeyR HiroshiI JenE PrzemekM FionaZ JenF StepanK PrzemekH BenjaminR LarryZ TatiyanaI NellyU SergeyA PrzemekW HiroshiD PetarV BenjaminY SergeyQ SergeyK LarryD TatiyanaX PhilippC JenS ThomasI 
PatentsMaxv2
PhilippO NellyU MatasR MatasP TatiyanaO RuthJ MichalV BakhodirG ThomasE LarryC 
FuchsiaProv7
BenjaminJ ClementI BakhodirQ 
ChromeLitev4
LarryU MichalY PrabhakarA 
KeepNextv4
PrabhakarN 
CurrentsXv1
BakhodirF 
SkyLitev8
MatasK BenjaminD RuthO SusanT HiroshiD LarryJ PhilippT ThomasZ MichalZ PrzemekU PetarV MaxH FionaA JenU HiroshiT MatasR StefanH FionaD PrzemekC BenjaminB TatiyanaT FionaK TatiyanaH 
FinanceMaxv7
LarryN StepanU HiroshiL ThomasT SusanT 
StadiaProv5
HiroshiD MaxA FionaA 
SkyZv5
SundarM 
SkyProv4
MichalZ ThomasQ 
KeepXv1
PrabhakarA 
ConnectXv3
StefanG 
CastOSSv6
SusanH HiroshiI HiroshiT 
CurrentsProv2
StepanJ 
CodeZv4
SusanR BenjaminR 
StorageSv6
SundarM TatiyanaT StefanA PrabhakarL BakhodirO RuthB StefanM RuthQ JenI StefanY FionaK HiroshiW PetarI FionaH JenE MaxK LarryW TatiyanaI FionaT SergeyK MatasR 
TravelProv6
PhilippJ 
AndroidTVLitev7
StepanJ LarryO JenE ThomasI MatasH NellyM BakhodirM PrzemekM StefanA 
NewsXv5
SundarV PrzemekH 
PixelProv1
MatasF 
AssistantMaxv9
ThomasQ 
LearnProv8
JenI 
GroupsZv8
BakhodirL PetarI TatiyanaC MichalV ThomasE 
MapsNextv5
PrzemekR FionaZ 
SheetsZv4
RuthF PrabhakarN 
StreetViewXv2
StepanJ PrzemekF PetarM 
BuildProv1
TatiyanaT 
AssistantNextv5
PrabhakarE MatasO PrzemekC MaxB PetarN LarryJ FionaA MichalQ StepanW PhilippJ PetarA BakhodirT HiroshiB FionaT FionaK BakhodirL SundarM BenjaminY SergeyH 
ClassroomXv9
LarryG StepanK 
SearchUltrav8
SergeyG PhilippI HiroshiL 
DataSv9
FionaK RuthF TatiyanaX MaxA PrabhakarA SundarX BenjaminN TatiyanaG BakhodirD PhilippJ 
CurrentsProv7
SusanT 
NewsMaxv1
TatiyanaT 
BloggerProv2
ThomasD FionaV SundarM 
ClassroomProv5
ThomasM FionaK TatiyanaB ThomasQ SergeyG StefanQ SundarM MichalZ RuthO RuthP BakhodirT StepanK SundarX RuthT TatiyanaO 
ChatLitev6
NellyV MaxM NellyD ClementI ThomasO StefanH ThomasE PrabhakarB PetarJ SusanY StepanK LarryC 
CalendarLitev5
ThomasN TatiyanaO PrabhakarB BakhodirA 
DatasetSearchXv2
MaxZ PrzemekM StefanK StefanA SundarX SusanD 
LoggingXv4
SergeyJ BakhodirF MaxK 
CollectionsProv5
HiroshiT SundarD MaxE 
FinanceXv5
ClementV 
StreetViewMaxv8
PetarA 
ScholarZv1
SusanR MichalQ PrzemekP LarryU 
AndroidAutoZv1
PetarV HiroshiL 
ScholarSv9
ThomasD ClementX BakhodirM PrabhakarN MaxB SergeyJ StefanU PrzemekU ThomasN SusanK FionaZ 
StreetViewXv9
ThomasN StefanX MaxH ThomasU NellyI 
ConnectLitev9
SundarM 
FeedBurnerLitev8
SundarX BenjaminL PrabhakarE 
VoiceZv6
HiroshiQ HiroshiL 
DatasetSearchLitev6
PrzemekP MaxA BenjaminJ ClementJ TatiyanaC SundarI PhilippK BakhodirT HiroshiM 
BloggerProv9
ThomasE 
MoonXv3
SergeyY PetarM 
DocsUltrav2
BakhodirB NellyM BakhodirQ NellyW PrzemekM PrabhakarM FionaA JenL 
SearchMaxv5
StefanH MatasO NellyI PrzemekM LarryJ PhilippV PrabhakarN PhilippJ HiroshiR ClementX ClementV BakhodirM MichalY SergeyQ 
SlidesProv5
SergeyQ LarryZ 
PixelSv6
PrzemekF ThomasN SundarM 
ArtsNextv5
StepanD HiroshiQ ClementJ TatiyanaG FionaA TatiyanaC TatiyanaB RuthO FionaT StefanG 
DreamNextv6
PrzemekC StepanU StefanA PrzemekP MatasY 
DrawingsMaxv4
LarryU PrzemekY NellyU PrabhakarA ThomasI FionaQ MatasH SusanU JenE PhilippY ThomasK PhilippT MaxH PrzemekP RuthQ MaxA LarryD StefanA PetarK HiroshiJ ClementV 
DocsXv8
SusanC PrzemekF BakhodirG SergeyL SergeyQ MatasK NellyD PetarM LarryC MatasS PrzemekW MichalM JenQ NellyG TatiyanaJ SergeyJ ClementX BakhodirT SusanY SundarX ThomasT SusanK StefanK PrabhakarE 
DuoMaxv1
BenjaminL PetarJ MaxF BenjaminG TatiyanaT LarryD ClementV NellyD MatasY PrabhakarN 
FeedBurnerProv6
SusanR NellyI BakhodirD SergeyY BakhodirA 
SearchLitev9
LarryR NellyV SusanO NellyM StepanX StefanA SergeyK SergeyA SusanT SundarH ClementQ BakhodirB PrabhakarC BakhodirT PrabhakarL BenjaminE NellyB HiroshiW ThomasI HiroshiT PrzemekC HiroshiD PetarR NellyC 
DataMaxv3
RuthP FionaA SergeyQ SundarV ClementV RuthO PrzemekH JenU ClementJ 
FeedBurnerUltrav9
HiroshiG FionaA FionaQ SusanO PetarA PrzemekH ClementV 
WebserverProv7
MatasK MatasF 
ShoppingUltrav9
TatiyanaJ FionaV JenQ RuthO 
AndroidTVMaxv3
HiroshiJ BakhodirT MatasR StefanV MatasY MaxK FionaV BakhodirO StefanP HiroshiT BakhodirQ SergeyW HiroshiM FionaA SundarI ThomasO ThomasM RuthJ 
DocsUltrav4
PhilippV 
StorageNextv9
BenjaminD NellyV PhilippK SergeyY PetarV ThomasI BenjaminV StepanW StepanK MaxE BenjaminY 
TravelZv6
ThomasL PetarA PetarR NellyI NellyC PrzemekF 
NewsNextv1
RuthQ FionaL BenjaminF PrzemekP JenL MatasK TatiyanaB StefanZ MatasP SergeyY BenjaminG MaxB StepanC PetarF BakhodirT StefanK ThomasQ BenjaminY MaxH PhilippV ClementI MaxS ClementX StefanQ 
ReleaseXv3
StepanD NellyC 
PixelXv7
PhilippJ NellyD TatiyanaJ StepanG 
SearchLitev7
StepanC PhilippL StepanK StefanV MichalR PetarH ThomasO 
BooksLitev3
TatiyanaK ThomasO 
ShortsSv2
BakhodirM SundarB PetarA StefanY LarryW LarryR PetarF 
LearnUltrav4
StefanK SergeyG PetarK StefanA ThomasN JenF PhilippL FionaT HiroshiI PetarA BenjaminF MaxS PhilippY 
DaydreamSv8
StepanP PhilippO PhilippV TatiyanaT BakhodirT 
SlidesSv9
StepanC LarryO LarryZ 
YouTubeUltrav7
ThomasO SusanR 
SkyXv7
BakhodirT BenjaminJ NellyI MatasP 
YouTubeUltrav3
RuthO NellyI StefanK TatiyanaJ NellyM SundarA 
LearnMaxv9
MatasP 
ChartsSv3
PetarI FionaT ThomasN HiroshiG JenI RuthB PetarH PhilippY NellyD SundarH BakhodirG ThomasL TatiyanaA TatiyanaK 
DaydreamLitev3
JenF PetarH NellyM MatasP ClementO HiroshiD StepanD 
KeepSv3
PhilippV NellyD PrzemekP 
PhotoUltrav3
PetarI TatiyanaK 
SitesSv3
PetarH MichalV PrzemekN MaxB HiroshiT MatasO FionaH LarryT RuthM StefanK StefanV TatiyanaC ThomasU MichalQ SusanY MaxE SergeyJ TatiyanaA ThomasD StepanJ BenjaminL 
MarsMaxv4
RuthJ SusanO StefanH PetarA 
CultureUltrav4
SundarV 
ReleaseSv1
ThomasN RuthJ LarryN StefanZ SusanO HiroshiQ StefanV PrzemekF RuthB MaxB StefanG StepanC LarryD TatiyanaO 
LearnUltrav5
BakhodirT LarryS PrabhakarB PetarI NellyU StepanD 
MapsLitev3
PhilippY PetarK BakhodirT MichalM ClementO PhilippI JenI BenjaminF MichalJ NellyV PetarA ThomasO PrzemekV StepanC 
BuildUltrav6
PhilippK MaxE BakhodirG SundarV 
PatentsNextv4
ClementX TatiyanaG 
SecureSv2
NellyV TatiyanaC ThomasK 
SitesSv2
RuthB 
