23
p7329
c876 c949 c126 c913 c574 c66 c834 c60 
p18274
c648 c27 c451 c155 c551 c504 c572 c148 c757 c608 c603 c907 c227 c315 c792 
p11817
c646 c653 c944 c673 c67 c239 c64 c303 c604 c35 
p7688
c340 c433 c893 c132 c521 c692 c803 c354 c578 c790 c38 c381 c928 c61 c287 c947 c582 c636 c944 c144 c976 c239 c224 c846 c101 c16 c493 c528 
p270
c771 c747 c518 c750 c282 c355 c555 c33 c851 c64 c951 c433 c44 c117 c551 c388 c903 c726 c303 c130 c570 c612 
p11565
c230 c938 c494 c578 c622 c428 c41 c688 c161 c659 c840 c996 c953 c574 c210 c398 c987 c228 c324 c262 c510 c519 c594 c808 c213 c906 c117 c648 c108 c813 c908 c59 c39 
p6647
c67 c132 c7 c159 c971 c907 c726 c486 c806 c4 c24 c698 c59 c906 c776 c703 c603 c463 c58 c324 c508 c524 c205 c669 c492 c493 c607 c238 c685 c307 c327 c771 c625 c893 c252 c278 c692 c859 c831 c670 c489 c100 c121 c791 c239 c638 c715 
p73
c566 c7 c715 c37 c724 c32 c561 c262 c827 c289 c546 c862 
p13196
c853 c903 c818 c489 c757 c698 c38 c951 c384 c750 c124 c656 c204 c576 c511 c147 c955 c545 c546 c406 c543 c828 c366 c263 c323 c626 c771 c533 c77 c563 c916 c862 c854 c887 
p11788
c591 c958 c879 c716 c944 c41 c26 c278 c747 c847 c55 c150 c459 c155 c519 c588 
p2459
c98 c808 c323 c578 c19 c267 c763 c942 c637 c23 c504 c445 c701 c339 c824 c813 c149 c999 c388 c280 
p5522
c463 c636 c507 c925 c262 c526 c776 c346 c824 c351 c862 c339 c496 c484 c963 c61 c280 c659 c650 c653 c799 c701 c495 c545 c715 c195 c531 c635 c384 c803 c224 c330 c132 c725 c582 
p1082
c227 c478 c130 c929 c862 c804 c531 c650 c271 c494 c294 c726 c66 c750 c990 c323 c545 c508 c393 c724 c511 c947 c33 c925 c729 c824 c30 c476 c108 c15 c13 c838 c734 
p4355
c149 c803 c555 c262 c61 c817 c323 c345 c500 c876 c551 c625 c847 c841 c280 c89 c37 c806 c159 c546 c622 c996 c818 c178 c750 c275 c747 c481 c120 c13 c187 c309 c916 c712 c124 c793 c669 c386 c543 c574 c567 c366 c130 c288 c98 c653 c536 c956 c528 
p19736
c734 c327 c916 c851 c925 c807 c147 c35 c996 c324 c303 c249 c761 c466 c833 c831 c919 c57 c804 c724 c275 
p4172
c463 c98 c428 c325 c23 c89 c712 c133 c908 c724 c267 c659 c607 c484 c315 c698 c551 c59 c14 c457 c999 c879 c625 c495 c994 
p3208
c747 c908 c64 c286 c531 c578 c808 c561 c948 c271 c202 c607 c20 c879 c703 c828 c201 c37 c951 c55 
p21395
c467 c384 c685 c239 c644 c903 c761 c218 c750 c747 c61 c577 c4 c826 c938 
p23314
c577 c476 c685 c659 c791 c803 c816 c340 c469 c155 c862 c818 c140 c44 c519 c409 c59 c283 c536 c603 c734 c179 c406 c339 c857 c780 c398 c224 c230 c988 c169 c286 c267 c971 c326 c745 c324 
p11803
c576 c514 c443 c851 c604 c792 c729 c283 c478 c13 c818 c124 c673 c238 c925 c887 c883 c355 c24 c787 c384 c791 c826 c761 c570 c776 c806 c589 c393 c239 c745 
p9634
c603 c953 c19 c903 c161 c4 c582 c724 c656 c89 c563 c59 c218 c887 c827 c76 c205 c191 c919 c798 c636 c282 c655 c948 c934 c951 c451 c148 c929 c622 c721 c559 c288 c466 c851 c166 c715 c367 c938 c873 c130 c803 c38 
p24215
c443 c48 c947 c59 c287 c354 c903 c545 c9 c966 c561 c546 c296 c518 c500 c136 c386 c366 c19 c521 c826 c29 c585 c971 c24 c278 c467 c239 c199 c854 c816 c862 c798 c132 c976 c578 c158 
p24813
c145 c367 c262 c133 c626 c817 c64 c180 c66 c652 c668 c648 c963 c449 c466 c988 c218 c494 c717 c169 c807 c345 c23 c239 c44 c563 c183 c13 c309 c59 c646 c520 c518 c883 c500 c77 c589 c272 
