38
SlidesNextv2
JenZ PhilippH 
StreamXv9
LarryO 
CastOSProv6
BakhodirD 
ShoppingProv8
FionaN PhilippI 
ExploreUltrav8
BakhodirD ClementM SergeyV HiroshiF FionaJ SusanQ ClementE 
ChromeNextv7
SergeyV BakhodirD PhilippY 
ClassroomMaxv2
TatiyanaC SusanQ 
StreamXv6
BakhodirW JenK SergeyN ClementM FionaJ 
DocsNextv2
SundarP JenK ClementL 
BuildMaxv1
MichalB RuthX NellyY BakhodirG SergeyV 
GameProv3
PhilippY 
ShortsNextv7
FionaF PhilippY HiroshiF 
WearOSLitev5
NellyY BakhodirD TatiyanaC JenK PhilippI 
DaydreamLitev7
BakhodirW 
MapsProv8
HiroshiW SergeyT BakhodirD 
ConnectLitev9
SundarA 
GameProv6
LarryO SusanQ StefanQ 
ChromeOSLitev3
PhilippP HiroshiW PhilippY 
MarsXv1
HiroshiF FionaJ MichalB MatasH 
StreetViewProv9
SundarA MatasC ClementE MatasW JenK PhilippK NellyY LarryO 
FeedBurnerMaxv3
TatiyanaC LarryO 
AndroidTVMaxv5
HiroshiF SundarP PhilippK 
DuoZv2
PhilippY SundarP FionaF 
ResearchXv8
SundarP ClementM BakhodirW JenK ClementE 
ReleaseUltrav1
FionaJ BakhodirD 
MapsSv7
SundarA PhilippK FionaF LarryO ClementM ThomasK MatasW LarryX ClementE BakhodirD 
SitesSv1
SergeyU ClementL 
SmartSv2
FionaF BakhodirW PhilippK BenjaminT FionaN 
AndroidAutoZv2
PhilippH JenK PhilippI LarryX SergeyU 
StreetViewXv1
TatiyanaC JenK FionaF 
SmartLitev9
JenZ ThomasK PhilippP 
GameLitev8
PhilippP PhilippK MatasW SergeyN 
DuoZv4
ThomasK SundarP LarryX FionaJ PhilippK RuthX ThomasM 
MarsLitev5
BakhodirD TatiyanaC 
MarsUltrav8
PhilippI SergeyU SusanQ PhilippP StefanQ BenjaminT RuthX BakhodirG MatasW 
GlassOSLitev9
FionaJ BakhodirG SundarA PhilippK HiroshiF PhilippH 
FuchsiaXv6
SergeyV SundarA 
WebserverProv6
PhilippP 
