56
SantaTrackerProv9
PrzemekV 
ClassroomXv9
LarryG StepanK 
ChromeLitev4
LarryU MichalY PrabhakarA 
ScholarXv6
SundarD StefanK PrabhakarC LarryJ RuthB SundarA RuthF JenL MatasK BakhodirG JenR TatiyanaP 
StreetViewXv9
ThomasN StefanX MaxH ThomasU NellyI 
CurrentsProv2
StepanJ 
KeepXv1
PrabhakarA 
NewsXv5
SundarV PrzemekH 
PatentsMaxv2
PhilippO NellyU MatasR MatasP TatiyanaO RuthJ MichalV BakhodirG ThomasE LarryC 
TravelProv6
PhilippJ 
StreetViewXv2
StepanJ PrzemekF PetarM 
DocsUltrav2
BakhodirB NellyM ClementA NellyW PrzemekM PrabhakarM FionaA JenL 
GroupsZv8
BakhodirL PetarI TatiyanaC MichalV ThomasE 
DatasetSearchLitev6
PrzemekP MaxA BenjaminJ ClementJ TatiyanaC SundarI PhilippK PetarN HiroshiM 
AndroidTVLitev7
StepanJ LarryO JenE TatiyanaZ MatasH NellyM BakhodirM PrzemekM StefanA 
StreetViewMaxv8
PetarA 
CollectionsProv5
HiroshiT SundarD MaxE 
CurrentsXv1
BakhodirF 
DaydreamMaxv4
ThomasQ 
SearchUltrav8
SergeyG PhilippI HiroshiL 
DataNextv9
ClementO SergeyR HiroshiI JenE PrzemekM FionaZ JenF StepanK PrzemekH BenjaminR LarryZ TatiyanaI NellyU SergeyA PrzemekW HiroshiD PetarV BenjaminY SergeyQ SergeyK LarryD TatiyanaX PhilippC JenS ThomasI 
TravelUltrav3
PetarR JenE 
MoonXv3
SergeyY PetarM 
LoggingXv4
SergeyJ BakhodirF MaxK 
MarsUltrav4
PhilippY SergeyA TatiyanaT BenjaminY PetarG TatiyanaC StepanU MichalQ PhilippE LarryG ClementV MichalF SusanC BakhodirB PetarA ClementX RuthP 
NewsMaxv1
TatiyanaT 
CalendarLitev5
ThomasN TatiyanaO PrabhakarB BakhodirA 
SheetsZv4
RuthF SergeyR 
ScholarZv1
SusanR MichalQ PrzemekP LarryU 
PixelProv1
MatasF 
ChatLitev6
NellyV MaxM NellyD ClementI ThomasO StefanH ThomasE PrabhakarB PetarJ SusanY StepanK LarryC 
LearnProv8
JenI 
FinanceXv5
ClementV 
CollectionsUltrav9
StefanK SundarA 
BloggerProv9
ThomasE 
DataSv9
FionaK RuthF TatiyanaX MaxA PrabhakarA SundarX BenjaminN TatiyanaG BakhodirD PhilippJ 
CastOSSv6
SusanH HiroshiI HiroshiT 
FinanceMaxv7
LarryN StepanU HiroshiL ThomasT SusanT 
FeedBurnerLitev8
SundarX BenjaminL PrabhakarE 
MoonUltrav4
LarryN 
SkyProv4
MichalZ ThomasQ 
CodeZv4
SusanR BenjaminR 
MapsNextv5
PrzemekR FionaZ 
SkyZv5
SundarM 
ClassroomSv2
RuthX 
ConnectXv3
StefanG 
VoiceZv6
HiroshiQ HiroshiL 
KeepNextv4
PrabhakarN 
FuchsiaProv7
BenjaminJ ClementI BakhodirQ 
ChartsMaxv5
HiroshiR StefanY MichalY SusanK FionaT 
ReleaseLitev7
RuthT SergeyW FionaV MaxO 
AndroidAutoZv1
PetarV HiroshiL 
AssistantMaxv9
ThomasQ 
CurrentsProv7
SusanT 
FormsUltrav3
ThomasL MatasF HiroshiI NellyU StepanG PetarN TatiyanaA StepanO 
BuildProv1
TatiyanaT 
