71
p20711
c160 c824 c47 c524 c243 c9 c345 c23 c185 c264 c367 c604 c847 c601 c790 c124 c159 c230 c255 c426 c951 c977 c341 c269 c553 c89 c131 c508 c509 c900 c946 c623 
p3257
c715 c346 c275 c405 c153 c199 c388 c456 c506 c892 c935 c673 c847 c101 c426 c276 c131 c487 c754 c119 c477 c854 c628 
p22329
c747 c379 c35 c582 c689 c679 c345 c308 c673 c367 c326 c365 c790 c101 c538 c255 c852 c782 c341 c274 c169 c131 
p21573
c623 c333 c913 c223 c225 c311 c929 c268 c344 c264 c326 
p1652
c339 c670 c825 c197 c180 c376 c577 c268 c344 c264 c326 c745 c159 c875 c782 
p17552
c195 c111 c893 c85 c451 c789 c935 c23 c673 c190 c847 c745 c101 c230 c677 c876 c341 c387 c658 c508 c352 c420 c156 c606 c939 c645 c620 c639 c592 c51 c478 c409 c819 c917 c187 
p20067
c638 c178 c285 c701 c765 c416 c243 c345 c185 c367 c847 c790 c159 c255 c951 c341 c553 c131 c509 c946 c156 c549 c119 c108 c304 c592 c857 c628 c439 c958 c187 c434 c67 c622 c741 c787 c198 c317 
p790
c67 c625 c804 c437 c689 c679 c345 c308 c673 c367 c326 c365 c790 c101 c538 c255 c852 c782 
p5952
c769 c567 c415 c139 c77 c738 c243 c345 c185 c367 
p9455
c977 c294 c375 c524 c243 c9 c345 c23 c185 c264 c367 c604 c847 c601 c790 c124 c159 c230 c255 c426 c951 c94 c276 c274 c280 c658 c949 c947 
p14101
c7 c976 c893 c506 c689 c679 c345 c308 c673 c367 c326 c365 c790 c101 c538 
p19012
c803 c643 c35 c839 c689 c679 c345 c308 c673 c367 c326 c365 c790 c101 c851 c538 c255 c852 c782 c513 c341 c274 c169 c131 c947 c352 c946 c493 c754 c549 c939 c945 c108 c477 c874 c592 c244 c136 c425 
p17765
c174 c729 c988 c634 c442 c150 c243 c345 c185 c367 c847 c790 c159 c255 c951 c341 c553 c131 c509 c946 
p15403
c136 c974 c636 c524 c243 c9 c345 c23 c185 c264 c367 c604 c847 c601 c790 c124 c159 c230 c255 c426 c951 c977 c341 c269 c553 c89 c131 c508 c509 c900 c946 
p18506
c745 c463 c88 c133 c757 c789 c935 c23 c673 c190 c847 c790 c50 c715 c426 c782 c276 
p8449
c59 c668 c681 c836 c15 c904 c259 c268 c344 c264 c326 c745 c159 c875 c782 
p8657
c477 c478 c990 c435 c921 c287 c709 c268 c344 c264 c326 c745 c159 c875 c782 c269 c658 c144 c946 c919 c463 c645 c127 c592 c873 c409 c433 c594 c434 c776 c899 c871 c389 c317 c406 c209 c81 
p21057
c424 c752 c510 c543 c412 c789 c935 c23 c673 c190 c847 c745 c101 c230 c677 c876 c341 c387 c658 c508 c352 c420 c156 c606 c939 c645 c620 c639 c592 c51 
p20810
c244 c332 c367 c543 c812 c541 c89 c920 c243 c323 c345 c185 c190 c556 c692 c459 c875 c876 c276 c280 c508 c900 c623 c78 
p12720
c39 c544 c643 c581 c191 c828 c227 c268 c344 c264 c326 c745 c159 c875 c782 c269 c658 c144 c946 c919 c463 c645 c477 c466 c857 c17 c819 c607 c195 c126 c622 c990 c968 
p4450
c171 c826 c31 c579 c84 c789 c935 c308 
p22149
c692 c25 c299 c180 c689 c679 c345 c308 c673 c367 c326 c365 c790 c50 c230 c875 c87 c977 c276 c387 c89 c949 c144 c900 c420 
p12084
c198 c41 c633 c524 c243 c9 c345 c23 c185 c264 c367 c604 c847 c601 c790 c124 c159 c230 c255 c426 c951 c977 c341 c269 c553 c89 c131 c508 c509 c900 c946 c623 c156 c78 c549 c964 c119 c645 c108 
p699
c631 c37 c391 c524 c243 c9 c345 c23 c185 c264 c367 c604 c847 c601 c790 c124 c159 c230 c255 c426 c951 c977 c341 c269 c553 c89 c131 c508 c509 c900 c946 c623 c156 c78 c549 
p18274
c648 c27 c451 c155 c551 c504 c572 c148 c757 c608 c603 c907 c227 c315 c792 
p16420
c288 c660 c533 c626 c121 c59 c14 c578 c832 c859 c841 c136 c999 c824 c955 c958 c508 c325 c831 c729 c574 c159 c272 
p270
c771 c747 c518 c750 c282 c355 c555 c33 c851 c64 c951 c433 c44 c117 c551 c388 c903 c726 c303 c130 c570 c612 
p18260
c35 c40 c355 c64 c716 c161 c589 c847 c508 c840 c13 c555 c489 c563 
p10085
c824 c603 c652 c239 c750 c398 c813 c589 c218 c853 c875 c29 
p21126
c826 c88 c239 c169 c804 c634 c715 c654 c24 c808 c599 c701 c275 c228 c136 c848 c130 c632 c929 c489 c588 c17 c892 c187 c478 c994 c576 c229 c906 c288 c813 c622 c451 c880 c89 c589 c771 c330 c696 c728 c117 c38 c724 c205 c938 
p4849
c663 c29 c108 c55 c873 c692 c524 c792 c971 c908 c30 c238 c166 c546 c489 c169 c360 c75 c906 c366 c303 c15 c750 c120 
p73
c566 c7 c715 c37 c724 c32 c561 c262 c827 c289 c546 c862 
p5625
c659 c117 c445 c178 c558 c654 c55 c987 c288 c582 
p19935
c780 c670 c187 c84 c808 c326 c130 c179 c409 c484 c280 
p19686
c159 c272 c670 c990 c873 c238 c59 c511 c61 c339 c763 c851 c907 
p11591
c340 c169 c524 c392 c668 c948 c661 c230 c77 c147 c771 c880 c721 c216 c136 c757 c500 c818 c58 c120 c656 c994 c280 c398 
p10613
c14 c0 c804 c898 c793 c293 c818 c655 c13 c599 c813 c929 c908 c158 c887 c224 c132 c910 c763 c790 c38 c75 c33 c367 c238 c15 c580 c546 c428 c776 c315 c474 c409 c511 c876 c757 c848 c249 c484 c307 c300 c267 c340 c101 c544 c854 
p8458
c144 c612 c799 c763 c976 c166 c117 c668 c169 c406 c787 c187 c459 c486 c44 c510 c249 c345 c191 c494 c26 c673 c204 c932 c13 c823 c354 c804 
p15659
c58 c199 c458 c747 c599 c388 c282 c637 c508 c324 c701 c75 c632 c451 
p7144
c296 c130 c545 c994 c938 c622 c457 c536 c859 c528 c288 c161 c954 c411 c478 c169 c757 c519 c963 c588 c614 c243 c9 c612 c204 c841 c398 c22 c696 c988 c591 c944 c24 c507 c589 c38 c124 c392 c854 c48 c155 c492 c652 c879 c406 c546 c876 c675 
p1050
c860 c564 c145 c551 c567 c500 c578 c724 c169 c428 c834 c634 c508 c13 c161 c355 c790 c828 c576 c574 
p4727
c30 c589 c932 c675 c449 c971 c300 c572 c698 c947 c660 c851 c893 c582 c526 c169 c577 c16 c325 c457 c887 c646 c315 c489 c653 c144 c180 c906 c656 c262 c466 c66 c716 c670 c531 c73 c201 
p12389
c157 c712 c669 c567 c280 c158 c59 c159 c478 c293 c406 c35 c511 c953 c486 c798 c831 c885 c938 c162 c38 c48 c729 c659 c326 c504 c88 c16 c963 c66 c24 
p7719
c834 c42 c34 c804 c288 c230 c354 c120 c533 c971 c508 c936 c572 c263 c524 c283 c661 c108 c457 c434 c205 c69 c685 
p17424
c274 c589 c578 c41 c145 c566 c26 c504 c806 c205 c543 c644 c33 c123 c655 c862 c556 c227 c169 c73 c823 c437 c57 c838 c875 c908 c947 c489 c726 c307 c701 c492 c252 c153 c636 c238 c303 c859 c879 
p9985
c791 c108 c4 c30 c842 c449 c132 c654 c38 c24 c469 c696 c205 c386 c819 c474 c367 c504 c198 c577 c433 c854 c953 c593 c947 c70 c879 c39 c152 c339 c594 c834 c227 c938 c607 c287 c721 c563 c213 c305 c48 c19 
p17091
c218 c478 c934 c536 c327 c412 c213 c303 c384 c771 c300 c596 c275 c64 c838 c108 c543 c854 
p13204
c925 c824 c577 c828 c358 c198 c24 c41 c59 c841 c224 c513 c58 c178 c644 c272 c315 c305 c451 c61 c916 c19 c386 c274 c495 c157 c947 c776 
p22258
c283 c514 c27 c589 c826 c934 c824 c721 c887 c493 c728 c603 c271 c842 c508 c48 c771 c566 c179 c519 c252 c130 
p19736
c734 c327 c916 c851 c925 c807 c147 c35 c996 c324 c303 c249 c761 c466 c833 c831 c919 c57 c804 c724 c275 
p4172
c463 c98 c428 c325 c23 c89 c712 c133 c908 c724 c267 c659 c607 c484 c315 c698 c551 c59 c14 c457 c999 c879 c625 c495 c994 
p8872
c158 c267 c636 c994 c696 c807 c903 c591 c717 c152 c280 c660 c745 c330 c504 c7 c59 c673 c35 
p23717
c289 c944 c327 c58 c32 c908 c496 c717 c646 c582 
p1484
c589 c828 c198 c818 c496 c73 c449 c296 c823 c847 c638 c204 c323 c377 c518 c919 c715 c280 c812 c885 c163 c771 c712 c929 c309 c169 
p14548
c808 c665 c495 c386 c155 c701 c635 c130 c685 c528 c205 c427 c655 c494 c740 c661 c799 c806 c589 c696 c150 c438 c564 c893 c35 c239 c169 c48 c906 c224 
p1259
c38 c771 c48 c367 c838 c572 c851 c427 c278 c661 c324 c626 c803 c37 c296 c167 c16 c409 c570 c275 c26 c133 c161 c243 c478 c323 c340 c670 c195 c24 c428 
p13162
c585 c130 c315 c39 c776 c23 c458 c938 c210 c879 c944 c224 c275 c791 c545 c961 c15 c912 c854 c433 c953 c929 c787 c198 c108 c406 c38 c745 c443 c496 c323 c916 c169 c262 
p9891
c817 c971 c688 c910 c654 c793 c496 c591 c994 c486 c159 c655 c13 c893 c622 c180 c594 c117 c309 c377 c55 c803 c352 c668 c463 c24 c61 c919 c521 c386 c963 c163 c559 c555 c58 c790 
p10881
c942 c354 c144 c531 c589 c559 c262 c546 c449 c984 c936 c324 c906 c599 c48 c792 c653 c598 c745 c117 c323 c763 c132 c601 c340 c275 c558 c818 c846 c366 c201 c859 c873 c40 
p9549
c267 c481 c315 c990 c492 c449 c757 c73 c66 c511 c339 c230 c626 
p12773
c324 c58 c813 c486 c466 c589 c239 c275 c136 c484 c956 c996 c38 c411 c932 c879 c818 c776 c670 c675 
p11803
c576 c514 c443 c851 c604 c792 c729 c283 c478 c13 c818 c124 c673 c238 c925 c887 c883 c355 c24 c787 c384 c791 c826 c761 c570 c776 c806 c589 c393 c239 c745 
p5146
c828 c716 c854 c23 c589 c599 c692 c784 c747 c614 c132 c201 c252 c879 c919 c883 c994 c204 c67 
p17583
c652 c287 c910 c386 c288 c98 c916 c37 c589 c563 c157 c489 c928 c67 
p13870
c740 c876 c198 c494 c191 c360 c763 c289 c89 c326 c243 c262 c230 c340 c13 c612 c280 c857 
p2164
c427 c201 c352 c570 c761 c57 c963 c216 c166 c563 c44 c130 c771 c458 c48 c578 c132 c287 c948 c803 c305 c594 c355 c510 c994 c608 c466 c278 c239 c817 c294 c724 c637 c652 c519 c16 c685 
p9123
c750 c614 c34 c824 c486 c59 c275 c929 c67 c519 c635 c481 c340 c790 c566 c808 c847 c564 c999 c665 c504 c806 c108 c162 c938 c327 c963 c652 c533 c879 c9 c958 c971 c771 c646 c138 c853 c132 c572 
p8259
c994 c305 c726 c582 c384 c23 c948 c685 c77 c966 c594 c24 c459 c893 c951 c161 c842 c457 c607 c717 c725 c673 c653 c323 c847 c98 c555 c938 c187 c463 c862 c518 
p1399
c30 c994 c202 c987 c876 c326 c117 c198 c665 c438 c305 c32 c826 c656 c145 c638 c824 c108 c757 c179 
p6289
c654 c17 c607 c481 c76 c851 c828 c238 c599 c854 c325 c659 c451 c726 c792 c652 c263 c39 c818 
p11700
c412 c271 c721 c761 c494 c648 c187 c634 c644 c30 c984 c398 c638 c495 c451 c994 c88 c324 c853 c239 c757 c216 c622 c26 c661 c38 
